2014-12-28 15:09:13,699 DEBUG [1] WebApi2Book.Web.Common.SimpleTraceWriter - RequestId=00000000-0000-0000-0000-000000000000;
Kind=Begin;
Status=0;
Operation=GetControllerTypes;
Operator=WebHostHttpControllerTypeResolver;
Category=System.Web.Http.Controllers
Request=
Message=
2014-12-28 15:09:14,273 DEBUG [1] WebApi2Book.Web.Common.SimpleTraceWriter - RequestId=00000000-0000-0000-0000-000000000000;
Kind=End;
Status=0;
Operation=GetControllerTypes;
Operator=WebHostHttpControllerTypeResolver;
Category=System.Web.Http.Controllers
Request=
Message=
2014-12-28 15:12:25,448 INFO  [11] WebApi2Book.Web.Common.SimpleTraceWriter - RequestId=00000000-0000-0000-0600-0080010000fb;
Kind=Begin;
Status=0;
Operation=;
Operator=;
Category=System.Web.Http.Request
Request=Method: POST, RequestUri: 'http://localhost:3811/api/v1/tasks', Version: 1.1, Content: System.Web.Http.WebHost.HttpControllerHandler+LazyStreamContent, Headers:
{
  Host: localhost:3811
  User-Agent: Fiddler
  Content-Length: 37
  Content-Type: text/json
}
Message=http://localhost:3811/api/v1/tasks
2014-12-28 15:12:25,459 INFO  [11] WebApi2Book.Web.Common.SimpleTraceWriter - RequestId=00000000-0000-0000-0600-0080010000fb;
Kind=Begin;
Status=0;
Operation=SelectController;
Operator=NamespaceHttpControllerSelector;
Category=System.Web.Http.Controllers
Request=Method: POST, RequestUri: 'http://localhost:3811/api/v1/tasks', Version: 1.1, Content: System.Web.Http.WebHost.HttpControllerHandler+LazyStreamContent, Headers:
{
  Host: localhost:3811
  User-Agent: Fiddler
  Content-Length: 37
  Content-Type: text/json
}
Message=Route='MS_SubRoutes:System.Web.Http.Routing.IHttpRouteData[]'
2014-12-28 15:12:25,462 INFO  [11] WebApi2Book.Web.Common.SimpleTraceWriter - RequestId=00000000-0000-0000-0600-0080010000fb;
Kind=End;
Status=0;
Operation=SelectController;
Operator=NamespaceHttpControllerSelector;
Category=System.Web.Http.Controllers
Request=Method: POST, RequestUri: 'http://localhost:3811/api/v1/tasks', Version: 1.1, Content: System.Web.Http.WebHost.HttpControllerHandler+LazyStreamContent, Headers:
{
  Host: localhost:3811
  User-Agent: Fiddler
  Content-Length: 37
  Content-Type: text/json
}
Message=TasksController
2014-12-28 15:12:25,463 INFO  [11] WebApi2Book.Web.Common.SimpleTraceWriter - RequestId=00000000-0000-0000-0600-0080010000fb;
Kind=Begin;
Status=0;
Operation=CreateController;
Operator=HttpControllerDescriptor;
Category=System.Web.Http.Controllers
Request=Method: POST, RequestUri: 'http://localhost:3811/api/v1/tasks', Version: 1.1, Content: System.Web.Http.WebHost.HttpControllerHandler+LazyStreamContent, Headers:
{
  Host: localhost:3811
  User-Agent: Fiddler
  Content-Length: 37
  Content-Type: text/json
}
Message=
2014-12-28 15:12:25,465 INFO  [11] WebApi2Book.Web.Common.SimpleTraceWriter - RequestId=00000000-0000-0000-0600-0080010000fb;
Kind=Begin;
Status=0;
Operation=Create;
Operator=DefaultHttpControllerActivator;
Category=System.Web.Http.Controllers
Request=Method: POST, RequestUri: 'http://localhost:3811/api/v1/tasks', Version: 1.1, Content: System.Web.Http.WebHost.HttpControllerHandler+LazyStreamContent, Headers:
{
  Host: localhost:3811
  User-Agent: Fiddler
  Content-Length: 37
  Content-Type: text/json
}
Message=
2014-12-28 15:12:25,549 INFO  [11] WebApi2Book.Web.Common.SimpleTraceWriter - RequestId=00000000-0000-0000-0600-0080010000fb;
Kind=End;
Status=0;
Operation=Create;
Operator=DefaultHttpControllerActivator;
Category=System.Web.Http.Controllers
Request=Method: POST, RequestUri: 'http://localhost:3811/api/v1/tasks', Version: 1.1, Content: System.Web.Http.WebHost.HttpControllerHandler+LazyStreamContent, Headers:
{
  Host: localhost:3811
  User-Agent: Fiddler
  Content-Length: 37
  Content-Type: text/json
}
Message=WebApi2Book.Web.Api.Controllers.V1.TasksController
2014-12-28 15:12:25,550 INFO  [11] WebApi2Book.Web.Common.SimpleTraceWriter - RequestId=00000000-0000-0000-0600-0080010000fb;
Kind=End;
Status=0;
Operation=CreateController;
Operator=HttpControllerDescriptor;
Category=System.Web.Http.Controllers
Request=Method: POST, RequestUri: 'http://localhost:3811/api/v1/tasks', Version: 1.1, Content: System.Web.Http.WebHost.HttpControllerHandler+LazyStreamContent, Headers:
{
  Host: localhost:3811
  User-Agent: Fiddler
  Content-Length: 37
  Content-Type: text/json
}
Message=WebApi2Book.Web.Api.Controllers.V1.TasksController
2014-12-28 15:12:25,552 INFO  [11] WebApi2Book.Web.Common.SimpleTraceWriter - RequestId=00000000-0000-0000-0600-0080010000fb;
Kind=Begin;
Status=0;
Operation=ExecuteAsync;
Operator=TasksController;
Category=System.Web.Http.Controllers
Request=Method: POST, RequestUri: 'http://localhost:3811/api/v1/tasks', Version: 1.1, Content: System.Web.Http.WebHost.HttpControllerHandler+LazyStreamContent, Headers:
{
  Host: localhost:3811
  User-Agent: Fiddler
  Content-Length: 37
  Content-Type: text/json
}
Message=
2014-12-28 15:12:25,555 INFO  [11] WebApi2Book.Web.Common.SimpleTraceWriter - RequestId=00000000-0000-0000-0600-0080010000fb;
Kind=Begin;
Status=0;
Operation=SelectAction;
Operator=ApiControllerActionSelector;
Category=System.Web.Http.Action
Request=Method: POST, RequestUri: 'http://localhost:3811/api/v1/tasks', Version: 1.1, Content: System.Web.Http.WebHost.HttpControllerHandler+LazyStreamContent, Headers:
{
  Host: localhost:3811
  User-Agent: Fiddler
  Content-Length: 37
  Content-Type: text/json
}
Message=
2014-12-28 15:12:25,569 INFO  [11] WebApi2Book.Web.Common.SimpleTraceWriter - RequestId=00000000-0000-0000-0600-0080010000fb;
Kind=End;
Status=0;
Operation=SelectAction;
Operator=ApiControllerActionSelector;
Category=System.Web.Http.Action
Request=Method: POST, RequestUri: 'http://localhost:3811/api/v1/tasks', Version: 1.1, Content: System.Web.Http.WebHost.HttpControllerHandler+LazyStreamContent, Headers:
{
  Host: localhost:3811
  User-Agent: Fiddler
  Content-Length: 37
  Content-Type: text/json
}
Message=Selected action 'AddTask(HttpRequestMessage requestMessage, NewTask newTask)'
2014-12-28 15:12:25,583 INFO  [11] WebApi2Book.Web.Common.SimpleTraceWriter - RequestId=00000000-0000-0000-0600-0080010000fb;
Kind=Begin;
Status=0;
Operation=ExecuteBindingAsync;
Operator=HttpActionBinding;
Category=System.Web.Http.ModelBinding
Request=Method: POST, RequestUri: 'http://localhost:3811/api/v1/tasks', Version: 1.1, Content: System.Web.Http.WebHost.HttpControllerHandler+LazyStreamContent, Headers:
{
  Host: localhost:3811
  User-Agent: Fiddler
  Content-Length: 37
  Content-Type: text/json
}
Message=
2014-12-28 15:12:25,586 INFO  [11] WebApi2Book.Web.Common.SimpleTraceWriter - RequestId=00000000-0000-0000-0600-0080010000fb;
Kind=Begin;
Status=0;
Operation=ExecuteBindingAsync;
Operator=HttpRequestParameterBinding;
Category=System.Web.Http.ModelBinding
Request=Method: POST, RequestUri: 'http://localhost:3811/api/v1/tasks', Version: 1.1, Content: System.Web.Http.WebHost.HttpControllerHandler+LazyStreamContent, Headers:
{
  Host: localhost:3811
  User-Agent: Fiddler
  Content-Length: 37
  Content-Type: text/json
}
Message=Binding parameter 'requestMessage'
2014-12-28 15:12:25,590 INFO  [11] WebApi2Book.Web.Common.SimpleTraceWriter - RequestId=00000000-0000-0000-0600-0080010000fb;
Kind=End;
Status=0;
Operation=ExecuteBindingAsync;
Operator=HttpRequestParameterBinding;
Category=System.Web.Http.ModelBinding
Request=Method: POST, RequestUri: 'http://localhost:3811/api/v1/tasks', Version: 1.1, Content: System.Web.Http.WebHost.HttpControllerHandler+LazyStreamContent, Headers:
{
  Host: localhost:3811
  User-Agent: Fiddler
  Content-Length: 37
  Content-Type: text/json
}
Message=Parameter 'requestMessage' bound to the value 'Method: POST, RequestUri: 'http://localhost:3811/api/v1/tasks', Version: 1.1, Content: System.Web.Http.WebHost.HttpControllerHandler+LazyStreamContent, Headers:
{
  Host: localhost:3811
  User-Agent: Fiddler
  Content-Length: 37
  Content-Type: text/json
}'
2014-12-28 15:12:25,591 INFO  [11] WebApi2Book.Web.Common.SimpleTraceWriter - RequestId=00000000-0000-0000-0600-0080010000fb;
Kind=Begin;
Status=0;
Operation=ExecuteBindingAsync;
Operator=FormatterParameterBinding;
Category=System.Web.Http.ModelBinding
Request=Method: POST, RequestUri: 'http://localhost:3811/api/v1/tasks', Version: 1.1, Content: System.Web.Http.WebHost.HttpControllerHandler+LazyStreamContent, Headers:
{
  Host: localhost:3811
  User-Agent: Fiddler
  Content-Length: 37
  Content-Type: text/json
}
Message=Binding parameter 'newTask'
2014-12-28 15:12:25,605 INFO  [11] WebApi2Book.Web.Common.SimpleTraceWriter - RequestId=00000000-0000-0000-0000-000000000000;
Kind=Begin;
Status=0;
Operation=ReadFromStreamAsync;
Operator=JsonMediaTypeFormatter;
Category=System.Net.Http.Formatting
Request=
Message=Type='NewTask', content-type='text/json'
2014-12-28 15:12:25,734 INFO  [11] WebApi2Book.Web.Common.SimpleTraceWriter - RequestId=00000000-0000-0000-0000-000000000000;
Kind=End;
Status=0;
Operation=ReadFromStreamAsync;
Operator=JsonMediaTypeFormatter;
Category=System.Net.Http.Formatting
Request=
Message=Value read='WebApi2Book.Web.Api.Models.NewTask'
2014-12-28 15:12:25,749 INFO  [11] WebApi2Book.Web.Common.SimpleTraceWriter - RequestId=00000000-0000-0000-0600-0080010000fb;
Kind=End;
Status=0;
Operation=ExecuteBindingAsync;
Operator=FormatterParameterBinding;
Category=System.Web.Http.ModelBinding
Request=Method: POST, RequestUri: 'http://localhost:3811/api/v1/tasks', Version: 1.1, Content: System.Web.Http.WebHost.HttpControllerHandler+LazyStreamContent, Headers:
{
  Host: localhost:3811
  User-Agent: Fiddler
  Content-Length: 37
  Content-Type: text/json
}
Message=Parameter 'newTask' bound to the value 'WebApi2Book.Web.Api.Models.NewTask'
2014-12-28 15:12:25,751 INFO  [11] WebApi2Book.Web.Common.SimpleTraceWriter - RequestId=00000000-0000-0000-0600-0080010000fb;
Kind=End;
Status=0;
Operation=ExecuteBindingAsync;
Operator=HttpActionBinding;
Category=System.Web.Http.ModelBinding
Request=Method: POST, RequestUri: 'http://localhost:3811/api/v1/tasks', Version: 1.1, Content: System.Web.Http.WebHost.HttpControllerHandler+LazyStreamContent, Headers:
{
  Host: localhost:3811
  User-Agent: Fiddler
  Content-Length: 37
  Content-Type: text/json
}
Message=Model state is valid. Values: requestMessage=Method: POST, RequestUri: 'http://localhost:3811/api/v1/tasks', Version: 1.1, Content: System.Web.Http.WebHost.HttpControllerHandler+LazyStreamContent, Headers:
{
  Host: localhost:3811
  User-Agent: Fiddler
  Content-Length: 37
  Content-Type: text/json
}, newTask=WebApi2Book.Web.Api.Models.NewTask
2014-12-28 15:12:25,755 INFO  [11] WebApi2Book.Web.Common.SimpleTraceWriter - RequestId=00000000-0000-0000-0600-0080010000fb;
Kind=Begin;
Status=0;
Operation=OnActionExecutingAsync;
Operator=UnitOfWorkActionFilterAttribute;
Category=System.Web.Http.Filters
Request=Method: POST, RequestUri: 'http://localhost:3811/api/v1/tasks', Version: 1.1, Content: System.Web.Http.WebHost.HttpControllerHandler+LazyStreamContent, Headers:
{
  Host: localhost:3811
  User-Agent: Fiddler
  Content-Length: 37
  Content-Type: text/json
}
Message=Action filter for 'AddTask(HttpRequestMessage requestMessage, NewTask newTask)'
2014-12-28 15:12:25,780 INFO  [11] WebApi2Book.Web.Common.SimpleTraceWriter - RequestId=00000000-0000-0000-0600-0080010000fb;
Kind=End;
Status=0;
Operation=OnActionExecutingAsync;
Operator=UnitOfWorkActionFilterAttribute;
Category=System.Web.Http.Filters
Request=Method: POST, RequestUri: 'http://localhost:3811/api/v1/tasks', Version: 1.1, Content: System.Web.Http.WebHost.HttpControllerHandler+LazyStreamContent, Headers:
{
  Host: localhost:3811
  User-Agent: Fiddler
  Content-Length: 37
  Content-Type: text/json
}
Message=
2014-12-28 15:12:25,785 INFO  [11] WebApi2Book.Web.Common.SimpleTraceWriter - RequestId=00000000-0000-0000-0600-0080010000fb;
Kind=Begin;
Status=0;
Operation=InvokeActionAsync;
Operator=ApiControllerActionInvoker;
Category=System.Web.Http.Action
Request=Method: POST, RequestUri: 'http://localhost:3811/api/v1/tasks', Version: 1.1, Content: System.Web.Http.WebHost.HttpControllerHandler+LazyStreamContent, Headers:
{
  Host: localhost:3811
  User-Agent: Fiddler
  Content-Length: 37
  Content-Type: text/json
}
Message=Action='AddTask(requestMessage=Method: POST, RequestUri: 'http://localhost:3811/api/v1/tasks', Version: 1.1, Content: System.Web.Http.WebHost.HttpControllerHandler+LazyStreamContent, Headers:
{
  Host: localhost:3811
  User-Agent: Fiddler
  Content-Length: 37
  Content-Type: text/json
}, newTask=WebApi2Book.Web.Api.Models.NewTask)'
2014-12-28 15:12:25,788 INFO  [11] WebApi2Book.Web.Common.SimpleTraceWriter - RequestId=00000000-0000-0000-0600-0080010000fb;
Kind=Begin;
Status=0;
Operation=ExecuteAsync;
Operator=ReflectedHttpActionDescriptor;
Category=System.Web.Http.Action
Request=Method: POST, RequestUri: 'http://localhost:3811/api/v1/tasks', Version: 1.1, Content: System.Web.Http.WebHost.HttpControllerHandler+LazyStreamContent, Headers:
{
  Host: localhost:3811
  User-Agent: Fiddler
  Content-Length: 37
  Content-Type: text/json
}
Message=Invoking action 'AddTask(requestMessage=Method: POST, RequestUri: 'http://localhost:3811/api/v1/tasks', Version: 1.1, Content: System.Web.Http.WebHost.HttpControllerHandler+LazyStreamContent, Headers:
{
  Host: localhost:3811
  User-Agent: Fiddler
  Content-Length: 37
  Content-Type: text/json
}, newTask=WebApi2Book.Web.Api.Models.NewTask)'
2014-12-28 15:12:40,280 ERROR [11] WebApi2Book.Web.Common.SimpleTraceWriter - RequestId=00000000-0000-0000-0600-0080010000fb;
Kind=End;
Status=0;
Operation=ExecuteAsync;
Operator=ReflectedHttpActionDescriptor;
Category=System.Web.Http.Action
Request=Method: POST, RequestUri: 'http://localhost:3811/api/v1/tasks', Version: 1.1, Content: System.Web.Http.WebHost.HttpControllerHandler+LazyStreamContent, Headers:
{
  Host: localhost:3811
  User-Agent: Fiddler
  Content-Length: 37
  Content-Type: text/json
}
Message=
2014-12-28 15:12:40,380 ERROR [11] WebApi2Book.Web.Common.SimpleTraceWriter - RequestId=00000000-0000-0000-0600-0080010000fb;
Kind=End;
Status=0;
Operation=InvokeActionAsync;
Operator=ApiControllerActionInvoker;
Category=System.Web.Http.Action
Request=Method: POST, RequestUri: 'http://localhost:3811/api/v1/tasks', Version: 1.1, Content: System.Web.Http.WebHost.HttpControllerHandler+LazyStreamContent, Headers:
{
  Host: localhost:3811
  User-Agent: Fiddler
  Content-Length: 37
  Content-Type: text/json
}
Message=
2014-12-28 15:12:40,445 INFO  [11] WebApi2Book.Web.Common.SimpleTraceWriter - RequestId=00000000-0000-0000-0600-0080010000fb;
Kind=Begin;
Status=0;
Operation=OnActionExecutedAsync;
Operator=UnitOfWorkActionFilterAttribute;
Category=System.Web.Http.Filters
Request=Method: POST, RequestUri: 'http://localhost:3811/api/v1/tasks', Version: 1.1, Content: System.Web.Http.WebHost.HttpControllerHandler+LazyStreamContent, Headers:
{
  Host: localhost:3811
  User-Agent: Fiddler
  Content-Length: 37
  Content-Type: text/json
}
Message=Action filter for 'AddTask(HttpRequestMessage requestMessage, NewTask newTask)'
2014-12-28 15:12:40,456 INFO  [11] WebApi2Book.Web.Common.SimpleTraceWriter - RequestId=00000000-0000-0000-0600-0080010000fb;
Kind=End;
Status=0;
Operation=OnActionExecutedAsync;
Operator=UnitOfWorkActionFilterAttribute;
Category=System.Web.Http.Filters
Request=Method: POST, RequestUri: 'http://localhost:3811/api/v1/tasks', Version: 1.1, Content: System.Web.Http.WebHost.HttpControllerHandler+LazyStreamContent, Headers:
{
  Host: localhost:3811
  User-Agent: Fiddler
  Content-Length: 37
  Content-Type: text/json
}
Message=
2014-12-28 15:12:40,587 ERROR [11] WebApi2Book.Web.Common.SimpleTraceWriter - RequestId=00000000-0000-0000-0600-0080010000fb;
Kind=End;
Status=0;
Operation=ExecuteAsync;
Operator=TasksController;
Category=System.Web.Http.Controllers
Request=Method: POST, RequestUri: 'http://localhost:3811/api/v1/tasks', Version: 1.1, Content: System.Web.Http.WebHost.HttpControllerHandler+LazyStreamContent, Headers:
{
  Host: localhost:3811
  User-Agent: Fiddler
  Content-Length: 37
  Content-Type: text/json
}
Message=
2014-12-28 15:12:40,633 ERROR [11] WebApi2Book.Web.Common.ErrorHandling.SimpleExceptionLogger - Unhandled exception
System.Reflection.TargetInvocationException: Exception has been thrown by the target of an invocation. ---> System.NullReferenceException: Object reference not set to an instance of an object.
   at WebApi2Book.Web.Common.Security.UserSession.get_Username() in d:\Apps\github\WebApi2TaskManager\src\WebApi2Book.Web.Common\Security\UserSession.cs:line 25
   at lambda_method(Closure )
   --- End of inner exception stack trace ---
   at System.RuntimeMethodHandle.InvokeMethod(Object target, Object[] arguments, Signature sig, Boolean constructor)
   at System.Reflection.RuntimeMethodInfo.UnsafeInvokeInternal(Object obj, Object[] parameters, Object[] arguments)
   at System.Reflection.RuntimeMethodInfo.UnsafeInvoke(Object obj, BindingFlags invokeAttr, Binder binder, Object[] parameters, CultureInfo culture)
   at System.Delegate.DynamicInvokeImpl(Object[] args)
   at System.Delegate.DynamicInvoke(Object[] args)
   at NHibernate.Impl.ExpressionProcessor.FindValue(Expression expression)
   at NHibernate.Impl.ExpressionProcessor.ProcessSimpleExpression(Expression left, Expression right, ExpressionType nodeType)
   at NHibernate.Impl.ExpressionProcessor.ProcessSimpleExpression(BinaryExpression be)
   at NHibernate.Impl.ExpressionProcessor.ProcessBinaryExpression(BinaryExpression expression)
   at NHibernate.Impl.ExpressionProcessor.ProcessExpression(Expression expression)
   at NHibernate.Impl.ExpressionProcessor.ProcessLambdaExpression(LambdaExpression expression)
   at NHibernate.Impl.ExpressionProcessor.ProcessExpression[T](Expression`1 expression)
   at NHibernate.Criterion.QueryOver`2.Add(Expression`1 expression)
   at NHibernate.Criterion.QueryOver`2.Where(Expression`1 expression)
   at NHibernate.Criterion.QueryOver`2.NHibernate.IQueryOver<TRoot,TSubType>.Where(Expression`1 expression)
   at WebApi2Book.Data.SqlServer.QueryProcessors.AddTaskQueryProcessor.AddTask(Task task) in d:\Apps\github\WebApi2TaskManager\src\WebApi2Book.Data.SqlServer\QueryProcessors\AddTaskQueryProcessor.cs:line 31
   at WebApi2Book.Web.Api.MaintenanceProcessing.AddTaskMaintenanceProcessor.AddTask(NewTask newTask) in d:\Apps\github\WebApi2TaskManager\src\WebApi2Book.Web.Api\MaintenanceProcessing\AddTaskMaintenanceProcessor.cs:line 23
   at WebApi2Book.Web.Api.Controllers.V1.TasksController.AddTask(HttpRequestMessage requestMessage, NewTask newTask) in d:\Apps\github\WebApi2TaskManager\src\WebApi2Book.Web.Api\Controllers\V1\TasksController.cs:line 25
   at lambda_method(Closure , Object , Object[] )
   at System.Web.Http.Controllers.ReflectedHttpActionDescriptor.ActionExecutor.<>c__DisplayClass10.<GetExecutor>b__9(Object instance, Object[] methodParameters)
   at System.Web.Http.Controllers.ReflectedHttpActionDescriptor.ActionExecutor.Execute(Object instance, Object[] arguments)
   at System.Web.Http.Controllers.ReflectedHttpActionDescriptor.ExecuteAsync(HttpControllerContext controllerContext, IDictionary`2 arguments, CancellationToken cancellationToken)
--- End of stack trace from previous location where exception was thrown ---
   at System.Runtime.CompilerServices.TaskAwaiter.ThrowForNonSuccess(Task task)
   at System.Runtime.CompilerServices.TaskAwaiter.HandleNonSuccessAndDebuggerNotification(Task task)
   at System.Runtime.CompilerServices.TaskAwaiter`1.GetResult()
   at System.Web.Http.Tracing.ITraceWriterExtensions.<TraceBeginEndAsyncCore>d__18`1.MoveNext()
--- End of stack trace from previous location where exception was thrown ---
   at System.Runtime.CompilerServices.TaskAwaiter.ThrowForNonSuccess(Task task)
   at System.Runtime.CompilerServices.TaskAwaiter.HandleNonSuccessAndDebuggerNotification(Task task)
   at System.Runtime.CompilerServices.TaskAwaiter`1.GetResult()
   at System.Web.Http.Controllers.ApiControllerActionInvoker.<InvokeActionAsyncCore>d__0.MoveNext()
--- End of stack trace from previous location where exception was thrown ---
   at System.Runtime.CompilerServices.TaskAwaiter.ThrowForNonSuccess(Task task)
   at System.Runtime.CompilerServices.TaskAwaiter.HandleNonSuccessAndDebuggerNotification(Task task)
   at System.Runtime.CompilerServices.TaskAwaiter`1.GetResult()
   at System.Web.Http.Tracing.ITraceWriterExtensions.<TraceBeginEndAsyncCore>d__18`1.MoveNext()
--- End of stack trace from previous location where exception was thrown ---
   at System.Runtime.CompilerServices.TaskAwaiter.ThrowForNonSuccess(Task task)
   at System.Runtime.CompilerServices.TaskAwaiter.HandleNonSuccessAndDebuggerNotification(Task task)
   at System.Runtime.CompilerServices.TaskAwaiter`1.GetResult()
   at System.Web.Http.Filters.ActionFilterAttribute.<CallOnActionExecutedAsync>d__5.MoveNext()
--- End of stack trace from previous location where exception was thrown ---
   at System.Runtime.ExceptionServices.ExceptionDispatchInfo.Throw()
   at System.Web.Http.Filters.ActionFilterAttribute.<CallOnActionExecutedAsync>d__5.MoveNext()
--- End of stack trace from previous location where exception was thrown ---
   at System.Runtime.CompilerServices.TaskAwaiter.ThrowForNonSuccess(Task task)
   at System.Runtime.CompilerServices.TaskAwaiter.HandleNonSuccessAndDebuggerNotification(Task task)
   at System.Runtime.CompilerServices.TaskAwaiter`1.GetResult()
   at System.Web.Http.Filters.ActionFilterAttribute.<ExecuteActionFilterAsyncCore>d__0.MoveNext()
--- End of stack trace from previous location where exception was thrown ---
   at System.Runtime.CompilerServices.TaskAwaiter.ThrowForNonSuccess(Task task)
   at System.Runtime.CompilerServices.TaskAwaiter.HandleNonSuccessAndDebuggerNotification(Task task)
   at System.Runtime.CompilerServices.TaskAwaiter`1.GetResult()
   at System.Web.Http.Controllers.ActionFilterResult.<ExecuteAsync>d__2.MoveNext()
--- End of stack trace from previous location where exception was thrown ---
   at System.Runtime.CompilerServices.TaskAwaiter.ThrowForNonSuccess(Task task)
   at System.Runtime.CompilerServices.TaskAwaiter.HandleNonSuccessAndDebuggerNotification(Task task)
   at System.Runtime.CompilerServices.TaskAwaiter`1.GetResult()
   at System.Web.Http.Tracing.Tracers.HttpControllerTracer.<ExecuteAsyncCore>d__5.MoveNext()
--- End of stack trace from previous location where exception was thrown ---
   at System.Runtime.CompilerServices.TaskAwaiter.ThrowForNonSuccess(Task task)
   at System.Runtime.CompilerServices.TaskAwaiter.HandleNonSuccessAndDebuggerNotification(Task task)
   at System.Runtime.CompilerServices.TaskAwaiter`1.GetResult()
   at System.Web.Http.Tracing.ITraceWriterExtensions.<TraceBeginEndAsyncCore>d__18`1.MoveNext()
--- End of stack trace from previous location where exception was thrown ---
   at System.Runtime.CompilerServices.TaskAwaiter.ThrowForNonSuccess(Task task)
   at System.Runtime.CompilerServices.TaskAwaiter.HandleNonSuccessAndDebuggerNotification(Task task)
   at System.Runtime.CompilerServices.TaskAwaiter`1.GetResult()
   at System.Web.Http.Dispatcher.HttpControllerDispatcher.<SendAsync>d__1.MoveNext()
2014-12-28 15:12:40,681 ERROR [11] WebApi2Book.Web.Common.SimpleTraceWriter - RequestId=00000000-0000-0000-0600-0080010000fb;
Kind=End;
Status=0;
Operation=;
Operator=;
Category=System.Web.Http.Request
Request=Method: POST, RequestUri: 'http://localhost:3811/api/v1/tasks', Version: 1.1, Content: System.Web.Http.WebHost.HttpControllerHandler+LazyStreamContent, Headers:
{
  Host: localhost:3811
  User-Agent: Fiddler
  Content-Length: 37
  Content-Type: text/json
}
Message=
2014-12-28 15:12:40,727 INFO  [11] WebApi2Book.Web.Common.SimpleTraceWriter - RequestId=00000000-0000-0000-0600-0080010000fb;
Kind=Begin;
Status=0;
Operation=Negotiate;
Operator=DefaultContentNegotiator;
Category=System.Net.Http.Formatting
Request=Method: POST, RequestUri: 'http://localhost:3811/api/v1/tasks', Version: 1.1, Content: System.Web.Http.WebHost.HttpControllerHandler+LazyStreamContent, Headers:
{
  Host: localhost:3811
  User-Agent: Fiddler
  Content-Length: 37
  Content-Type: text/json
}
Message=Type='HttpError', formatters=[JsonMediaTypeFormatterTracer, XmlMediaTypeFormatterTracer, FormUrlEncodedMediaTypeFormatterTracer, FormUrlEncodedMediaTypeFormatterTracer]
2014-12-28 15:12:40,741 INFO  [11] WebApi2Book.Web.Common.SimpleTraceWriter - RequestId=00000000-0000-0000-0600-0080010000fb;
Kind=Begin;
Status=0;
Operation=GetPerRequestFormatterInstance;
Operator=JsonMediaTypeFormatter;
Category=System.Net.Http.Formatting
Request=Method: POST, RequestUri: 'http://localhost:3811/api/v1/tasks', Version: 1.1, Content: System.Web.Http.WebHost.HttpControllerHandler+LazyStreamContent, Headers:
{
  Host: localhost:3811
  User-Agent: Fiddler
  Content-Length: 37
  Content-Type: text/json
}
Message=Obtaining formatter of type 'JsonMediaTypeFormatter' for type='HttpError', mediaType='text/json; charset=utf-8'
2014-12-28 15:12:40,742 INFO  [11] WebApi2Book.Web.Common.SimpleTraceWriter - RequestId=00000000-0000-0000-0600-0080010000fb;
Kind=End;
Status=0;
Operation=GetPerRequestFormatterInstance;
Operator=JsonMediaTypeFormatter;
Category=System.Net.Http.Formatting
Request=Method: POST, RequestUri: 'http://localhost:3811/api/v1/tasks', Version: 1.1, Content: System.Web.Http.WebHost.HttpControllerHandler+LazyStreamContent, Headers:
{
  Host: localhost:3811
  User-Agent: Fiddler
  Content-Length: 37
  Content-Type: text/json
}
Message=Will use same 'JsonMediaTypeFormatter' formatter
2014-12-28 15:12:40,744 INFO  [11] WebApi2Book.Web.Common.SimpleTraceWriter - RequestId=00000000-0000-0000-0600-0080010000fb;
Kind=End;
Status=0;
Operation=Negotiate;
Operator=DefaultContentNegotiator;
Category=System.Net.Http.Formatting
Request=Method: POST, RequestUri: 'http://localhost:3811/api/v1/tasks', Version: 1.1, Content: System.Web.Http.WebHost.HttpControllerHandler+LazyStreamContent, Headers:
{
  Host: localhost:3811
  User-Agent: Fiddler
  Content-Length: 37
  Content-Type: text/json
}
Message=Selected formatter='JsonMediaTypeFormatter', content-type='text/json; charset=utf-8'
2014-12-28 15:12:40,753 INFO  [11] WebApi2Book.Web.Common.SimpleTraceWriter - RequestId=00000000-0000-0000-0600-0080010000fb;
Kind=Begin;
Status=0;
Operation=WriteToStreamAsync;
Operator=JsonMediaTypeFormatter;
Category=System.Net.Http.Formatting
Request=Method: POST, RequestUri: 'http://localhost:3811/api/v1/tasks', Version: 1.1, Content: System.Web.Http.WebHost.HttpControllerHandler+LazyStreamContent, Headers:
{
  Host: localhost:3811
  User-Agent: Fiddler
  Content-Length: 37
  Content-Type: text/json
}
Message=Value='System.Web.Http.HttpError', type='HttpError', content-type='text/json; charset=utf-8'
2014-12-28 15:12:40,781 INFO  [11] WebApi2Book.Web.Common.SimpleTraceWriter - RequestId=00000000-0000-0000-0600-0080010000fb;
Kind=End;
Status=0;
Operation=WriteToStreamAsync;
Operator=JsonMediaTypeFormatter;
Category=System.Net.Http.Formatting
Request=Method: POST, RequestUri: 'http://localhost:3811/api/v1/tasks', Version: 1.1, Content: System.Web.Http.WebHost.HttpControllerHandler+LazyStreamContent, Headers:
{
  Host: localhost:3811
  User-Agent: Fiddler
  Content-Length: 37
  Content-Type: text/json
}
Message=
2014-12-28 15:12:40,783 INFO  [11] WebApi2Book.Web.Common.SimpleTraceWriter - RequestId=00000000-0000-0000-0600-0080010000fb;
Kind=Begin;
Status=0;
Operation=Dispose;
Operator=TasksController;
Category=System.Web.Http.Controllers
Request=Method: POST, RequestUri: 'http://localhost:3811/api/v1/tasks', Version: 1.1, Content: System.Web.Http.WebHost.HttpControllerHandler+LazyStreamContent, Headers:
{
  Host: localhost:3811
  User-Agent: Fiddler
  Content-Length: 37
  Content-Type: text/json
}
Message=
2014-12-28 15:12:40,783 INFO  [11] WebApi2Book.Web.Common.SimpleTraceWriter - RequestId=00000000-0000-0000-0600-0080010000fb;
Kind=End;
Status=0;
Operation=Dispose;
Operator=TasksController;
Category=System.Web.Http.Controllers
Request=Method: POST, RequestUri: 'http://localhost:3811/api/v1/tasks', Version: 1.1, Content: System.Web.Http.WebHost.HttpControllerHandler+LazyStreamContent, Headers:
{
  Host: localhost:3811
  User-Agent: Fiddler
  Content-Length: 37
  Content-Type: text/json
}
Message=
2014-12-28 15:16:53,784 DEBUG [1] WebApi2Book.Web.Common.SimpleTraceWriter - RequestId=00000000-0000-0000-0000-000000000000;
Kind=Begin;
Status=0;
Operation=GetControllerTypes;
Operator=WebHostHttpControllerTypeResolver;
Category=System.Web.Http.Controllers
Request=
Message=
2014-12-28 15:16:54,287 DEBUG [1] WebApi2Book.Web.Common.SimpleTraceWriter - RequestId=00000000-0000-0000-0000-000000000000;
Kind=End;
Status=0;
Operation=GetControllerTypes;
Operator=WebHostHttpControllerTypeResolver;
Category=System.Web.Http.Controllers
Request=
Message=
2014-12-28 15:17:09,619 INFO  [9] WebApi2Book.Web.Common.SimpleTraceWriter - RequestId=00000000-0000-0000-1600-0080030000fe;
Kind=Begin;
Status=0;
Operation=;
Operator=;
Category=System.Web.Http.Request
Request=Method: POST, RequestUri: 'http://localhost:3811/api/v1/tasks', Version: 1.1, Content: System.Web.Http.WebHost.HttpControllerHandler+LazyStreamContent, Headers:
{
  Host: localhost:3811
  User-Agent: Fiddler
  Content-Length: 37
  Content-Type: text/json
}
Message=http://localhost:3811/api/v1/tasks
2014-12-28 15:17:09,630 INFO  [9] WebApi2Book.Web.Common.SimpleTraceWriter - RequestId=00000000-0000-0000-1600-0080030000fe;
Kind=Begin;
Status=0;
Operation=SelectController;
Operator=NamespaceHttpControllerSelector;
Category=System.Web.Http.Controllers
Request=Method: POST, RequestUri: 'http://localhost:3811/api/v1/tasks', Version: 1.1, Content: System.Web.Http.WebHost.HttpControllerHandler+LazyStreamContent, Headers:
{
  Host: localhost:3811
  User-Agent: Fiddler
  Content-Length: 37
  Content-Type: text/json
}
Message=Route='MS_SubRoutes:System.Web.Http.Routing.IHttpRouteData[]'
2014-12-28 15:17:09,633 INFO  [9] WebApi2Book.Web.Common.SimpleTraceWriter - RequestId=00000000-0000-0000-1600-0080030000fe;
Kind=End;
Status=0;
Operation=SelectController;
Operator=NamespaceHttpControllerSelector;
Category=System.Web.Http.Controllers
Request=Method: POST, RequestUri: 'http://localhost:3811/api/v1/tasks', Version: 1.1, Content: System.Web.Http.WebHost.HttpControllerHandler+LazyStreamContent, Headers:
{
  Host: localhost:3811
  User-Agent: Fiddler
  Content-Length: 37
  Content-Type: text/json
}
Message=TasksController
2014-12-28 15:17:09,634 INFO  [9] WebApi2Book.Web.Common.SimpleTraceWriter - RequestId=00000000-0000-0000-1600-0080030000fe;
Kind=Begin;
Status=0;
Operation=CreateController;
Operator=HttpControllerDescriptor;
Category=System.Web.Http.Controllers
Request=Method: POST, RequestUri: 'http://localhost:3811/api/v1/tasks', Version: 1.1, Content: System.Web.Http.WebHost.HttpControllerHandler+LazyStreamContent, Headers:
{
  Host: localhost:3811
  User-Agent: Fiddler
  Content-Length: 37
  Content-Type: text/json
}
Message=
2014-12-28 15:17:09,635 INFO  [9] WebApi2Book.Web.Common.SimpleTraceWriter - RequestId=00000000-0000-0000-1600-0080030000fe;
Kind=Begin;
Status=0;
Operation=Create;
Operator=DefaultHttpControllerActivator;
Category=System.Web.Http.Controllers
Request=Method: POST, RequestUri: 'http://localhost:3811/api/v1/tasks', Version: 1.1, Content: System.Web.Http.WebHost.HttpControllerHandler+LazyStreamContent, Headers:
{
  Host: localhost:3811
  User-Agent: Fiddler
  Content-Length: 37
  Content-Type: text/json
}
Message=
2014-12-28 15:17:09,664 INFO  [9] WebApi2Book.Web.Common.SimpleTraceWriter - RequestId=00000000-0000-0000-1600-0080030000fe;
Kind=End;
Status=0;
Operation=Create;
Operator=DefaultHttpControllerActivator;
Category=System.Web.Http.Controllers
Request=Method: POST, RequestUri: 'http://localhost:3811/api/v1/tasks', Version: 1.1, Content: System.Web.Http.WebHost.HttpControllerHandler+LazyStreamContent, Headers:
{
  Host: localhost:3811
  User-Agent: Fiddler
  Content-Length: 37
  Content-Type: text/json
}
Message=WebApi2Book.Web.Api.Controllers.V1.TasksController
2014-12-28 15:17:09,665 INFO  [9] WebApi2Book.Web.Common.SimpleTraceWriter - RequestId=00000000-0000-0000-1600-0080030000fe;
Kind=End;
Status=0;
Operation=CreateController;
Operator=HttpControllerDescriptor;
Category=System.Web.Http.Controllers
Request=Method: POST, RequestUri: 'http://localhost:3811/api/v1/tasks', Version: 1.1, Content: System.Web.Http.WebHost.HttpControllerHandler+LazyStreamContent, Headers:
{
  Host: localhost:3811
  User-Agent: Fiddler
  Content-Length: 37
  Content-Type: text/json
}
Message=WebApi2Book.Web.Api.Controllers.V1.TasksController
2014-12-28 15:17:09,667 INFO  [9] WebApi2Book.Web.Common.SimpleTraceWriter - RequestId=00000000-0000-0000-1600-0080030000fe;
Kind=Begin;
Status=0;
Operation=ExecuteAsync;
Operator=TasksController;
Category=System.Web.Http.Controllers
Request=Method: POST, RequestUri: 'http://localhost:3811/api/v1/tasks', Version: 1.1, Content: System.Web.Http.WebHost.HttpControllerHandler+LazyStreamContent, Headers:
{
  Host: localhost:3811
  User-Agent: Fiddler
  Content-Length: 37
  Content-Type: text/json
}
Message=
2014-12-28 15:17:09,671 INFO  [9] WebApi2Book.Web.Common.SimpleTraceWriter - RequestId=00000000-0000-0000-1600-0080030000fe;
Kind=Begin;
Status=0;
Operation=SelectAction;
Operator=ApiControllerActionSelector;
Category=System.Web.Http.Action
Request=Method: POST, RequestUri: 'http://localhost:3811/api/v1/tasks', Version: 1.1, Content: System.Web.Http.WebHost.HttpControllerHandler+LazyStreamContent, Headers:
{
  Host: localhost:3811
  User-Agent: Fiddler
  Content-Length: 37
  Content-Type: text/json
}
Message=
2014-12-28 15:17:09,684 INFO  [9] WebApi2Book.Web.Common.SimpleTraceWriter - RequestId=00000000-0000-0000-1600-0080030000fe;
Kind=End;
Status=0;
Operation=SelectAction;
Operator=ApiControllerActionSelector;
Category=System.Web.Http.Action
Request=Method: POST, RequestUri: 'http://localhost:3811/api/v1/tasks', Version: 1.1, Content: System.Web.Http.WebHost.HttpControllerHandler+LazyStreamContent, Headers:
{
  Host: localhost:3811
  User-Agent: Fiddler
  Content-Length: 37
  Content-Type: text/json
}
Message=Selected action 'AddTask(HttpRequestMessage requestMessage, NewTask newTask)'
2014-12-28 15:17:09,701 INFO  [9] WebApi2Book.Web.Common.SimpleTraceWriter - RequestId=00000000-0000-0000-1600-0080030000fe;
Kind=Begin;
Status=0;
Operation=ExecuteBindingAsync;
Operator=HttpActionBinding;
Category=System.Web.Http.ModelBinding
Request=Method: POST, RequestUri: 'http://localhost:3811/api/v1/tasks', Version: 1.1, Content: System.Web.Http.WebHost.HttpControllerHandler+LazyStreamContent, Headers:
{
  Host: localhost:3811
  User-Agent: Fiddler
  Content-Length: 37
  Content-Type: text/json
}
Message=
2014-12-28 15:17:09,704 INFO  [9] WebApi2Book.Web.Common.SimpleTraceWriter - RequestId=00000000-0000-0000-1600-0080030000fe;
Kind=Begin;
Status=0;
Operation=ExecuteBindingAsync;
Operator=HttpRequestParameterBinding;
Category=System.Web.Http.ModelBinding
Request=Method: POST, RequestUri: 'http://localhost:3811/api/v1/tasks', Version: 1.1, Content: System.Web.Http.WebHost.HttpControllerHandler+LazyStreamContent, Headers:
{
  Host: localhost:3811
  User-Agent: Fiddler
  Content-Length: 37
  Content-Type: text/json
}
Message=Binding parameter 'requestMessage'
2014-12-28 15:17:09,710 INFO  [9] WebApi2Book.Web.Common.SimpleTraceWriter - RequestId=00000000-0000-0000-1600-0080030000fe;
Kind=End;
Status=0;
Operation=ExecuteBindingAsync;
Operator=HttpRequestParameterBinding;
Category=System.Web.Http.ModelBinding
Request=Method: POST, RequestUri: 'http://localhost:3811/api/v1/tasks', Version: 1.1, Content: System.Web.Http.WebHost.HttpControllerHandler+LazyStreamContent, Headers:
{
  Host: localhost:3811
  User-Agent: Fiddler
  Content-Length: 37
  Content-Type: text/json
}
Message=Parameter 'requestMessage' bound to the value 'Method: POST, RequestUri: 'http://localhost:3811/api/v1/tasks', Version: 1.1, Content: System.Web.Http.WebHost.HttpControllerHandler+LazyStreamContent, Headers:
{
  Host: localhost:3811
  User-Agent: Fiddler
  Content-Length: 37
  Content-Type: text/json
}'
2014-12-28 15:17:09,711 INFO  [9] WebApi2Book.Web.Common.SimpleTraceWriter - RequestId=00000000-0000-0000-1600-0080030000fe;
Kind=Begin;
Status=0;
Operation=ExecuteBindingAsync;
Operator=FormatterParameterBinding;
Category=System.Web.Http.ModelBinding
Request=Method: POST, RequestUri: 'http://localhost:3811/api/v1/tasks', Version: 1.1, Content: System.Web.Http.WebHost.HttpControllerHandler+LazyStreamContent, Headers:
{
  Host: localhost:3811
  User-Agent: Fiddler
  Content-Length: 37
  Content-Type: text/json
}
Message=Binding parameter 'newTask'
2014-12-28 15:17:09,725 INFO  [9] WebApi2Book.Web.Common.SimpleTraceWriter - RequestId=00000000-0000-0000-0000-000000000000;
Kind=Begin;
Status=0;
Operation=ReadFromStreamAsync;
Operator=JsonMediaTypeFormatter;
Category=System.Net.Http.Formatting
Request=
Message=Type='NewTask', content-type='text/json'
2014-12-28 15:17:09,855 INFO  [9] WebApi2Book.Web.Common.SimpleTraceWriter - RequestId=00000000-0000-0000-0000-000000000000;
Kind=End;
Status=0;
Operation=ReadFromStreamAsync;
Operator=JsonMediaTypeFormatter;
Category=System.Net.Http.Formatting
Request=
Message=Value read='WebApi2Book.Web.Api.Models.NewTask'
2014-12-28 15:17:09,871 INFO  [9] WebApi2Book.Web.Common.SimpleTraceWriter - RequestId=00000000-0000-0000-1600-0080030000fe;
Kind=End;
Status=0;
Operation=ExecuteBindingAsync;
Operator=FormatterParameterBinding;
Category=System.Web.Http.ModelBinding
Request=Method: POST, RequestUri: 'http://localhost:3811/api/v1/tasks', Version: 1.1, Content: System.Web.Http.WebHost.HttpControllerHandler+LazyStreamContent, Headers:
{
  Host: localhost:3811
  User-Agent: Fiddler
  Content-Length: 37
  Content-Type: text/json
}
Message=Parameter 'newTask' bound to the value 'WebApi2Book.Web.Api.Models.NewTask'
2014-12-28 15:17:09,873 INFO  [9] WebApi2Book.Web.Common.SimpleTraceWriter - RequestId=00000000-0000-0000-1600-0080030000fe;
Kind=End;
Status=0;
Operation=ExecuteBindingAsync;
Operator=HttpActionBinding;
Category=System.Web.Http.ModelBinding
Request=Method: POST, RequestUri: 'http://localhost:3811/api/v1/tasks', Version: 1.1, Content: System.Web.Http.WebHost.HttpControllerHandler+LazyStreamContent, Headers:
{
  Host: localhost:3811
  User-Agent: Fiddler
  Content-Length: 37
  Content-Type: text/json
}
Message=Model state is valid. Values: requestMessage=Method: POST, RequestUri: 'http://localhost:3811/api/v1/tasks', Version: 1.1, Content: System.Web.Http.WebHost.HttpControllerHandler+LazyStreamContent, Headers:
{
  Host: localhost:3811
  User-Agent: Fiddler
  Content-Length: 37
  Content-Type: text/json
}, newTask=WebApi2Book.Web.Api.Models.NewTask
2014-12-28 15:17:09,877 INFO  [9] WebApi2Book.Web.Common.SimpleTraceWriter - RequestId=00000000-0000-0000-1600-0080030000fe;
Kind=Begin;
Status=0;
Operation=OnActionExecutingAsync;
Operator=UnitOfWorkActionFilterAttribute;
Category=System.Web.Http.Filters
Request=Method: POST, RequestUri: 'http://localhost:3811/api/v1/tasks', Version: 1.1, Content: System.Web.Http.WebHost.HttpControllerHandler+LazyStreamContent, Headers:
{
  Host: localhost:3811
  User-Agent: Fiddler
  Content-Length: 37
  Content-Type: text/json
}
Message=Action filter for 'AddTask(HttpRequestMessage requestMessage, NewTask newTask)'
2014-12-28 15:17:09,882 INFO  [9] WebApi2Book.Web.Common.SimpleTraceWriter - RequestId=00000000-0000-0000-1600-0080030000fe;
Kind=End;
Status=0;
Operation=OnActionExecutingAsync;
Operator=UnitOfWorkActionFilterAttribute;
Category=System.Web.Http.Filters
Request=Method: POST, RequestUri: 'http://localhost:3811/api/v1/tasks', Version: 1.1, Content: System.Web.Http.WebHost.HttpControllerHandler+LazyStreamContent, Headers:
{
  Host: localhost:3811
  User-Agent: Fiddler
  Content-Length: 37
  Content-Type: text/json
}
Message=
2014-12-28 15:17:09,886 INFO  [9] WebApi2Book.Web.Common.SimpleTraceWriter - RequestId=00000000-0000-0000-1600-0080030000fe;
Kind=Begin;
Status=0;
Operation=InvokeActionAsync;
Operator=ApiControllerActionInvoker;
Category=System.Web.Http.Action
Request=Method: POST, RequestUri: 'http://localhost:3811/api/v1/tasks', Version: 1.1, Content: System.Web.Http.WebHost.HttpControllerHandler+LazyStreamContent, Headers:
{
  Host: localhost:3811
  User-Agent: Fiddler
  Content-Length: 37
  Content-Type: text/json
}
Message=Action='AddTask(requestMessage=Method: POST, RequestUri: 'http://localhost:3811/api/v1/tasks', Version: 1.1, Content: System.Web.Http.WebHost.HttpControllerHandler+LazyStreamContent, Headers:
{
  Host: localhost:3811
  User-Agent: Fiddler
  Content-Length: 37
  Content-Type: text/json
}, newTask=WebApi2Book.Web.Api.Models.NewTask)'
2014-12-28 15:17:09,890 INFO  [9] WebApi2Book.Web.Common.SimpleTraceWriter - RequestId=00000000-0000-0000-1600-0080030000fe;
Kind=Begin;
Status=0;
Operation=ExecuteAsync;
Operator=ReflectedHttpActionDescriptor;
Category=System.Web.Http.Action
Request=Method: POST, RequestUri: 'http://localhost:3811/api/v1/tasks', Version: 1.1, Content: System.Web.Http.WebHost.HttpControllerHandler+LazyStreamContent, Headers:
{
  Host: localhost:3811
  User-Agent: Fiddler
  Content-Length: 37
  Content-Type: text/json
}
Message=Invoking action 'AddTask(requestMessage=Method: POST, RequestUri: 'http://localhost:3811/api/v1/tasks', Version: 1.1, Content: System.Web.Http.WebHost.HttpControllerHandler+LazyStreamContent, Headers:
{
  Host: localhost:3811
  User-Agent: Fiddler
  Content-Length: 37
  Content-Type: text/json
}, newTask=WebApi2Book.Web.Api.Models.NewTask)'
2014-12-28 15:21:59,449 DEBUG [1] WebApi2Book.Web.Common.SimpleTraceWriter - RequestId=00000000-0000-0000-0000-000000000000;
Kind=Begin;
Status=0;
Operation=GetControllerTypes;
Operator=WebHostHttpControllerTypeResolver;
Category=System.Web.Http.Controllers
Request=
Message=
2014-12-28 15:21:59,938 DEBUG [1] WebApi2Book.Web.Common.SimpleTraceWriter - RequestId=00000000-0000-0000-0000-000000000000;
Kind=End;
Status=0;
Operation=GetControllerTypes;
Operator=WebHostHttpControllerTypeResolver;
Category=System.Web.Http.Controllers
Request=
Message=
2014-12-28 15:22:12,580 INFO  [10] WebApi2Book.Web.Common.SimpleTraceWriter - RequestId=00000000-0000-0000-1300-0080020000fd;
Kind=Begin;
Status=0;
Operation=;
Operator=;
Category=System.Web.Http.Request
Request=Method: POST, RequestUri: 'http://localhost:3811/api/v1/tasks', Version: 1.1, Content: System.Web.Http.WebHost.HttpControllerHandler+LazyStreamContent, Headers:
{
  Host: localhost:3811
  User-Agent: Fiddler
  Content-Length: 37
  Content-Type: text/json
}
Message=http://localhost:3811/api/v1/tasks
2014-12-28 15:22:12,592 INFO  [10] WebApi2Book.Web.Common.SimpleTraceWriter - RequestId=00000000-0000-0000-1300-0080020000fd;
Kind=Begin;
Status=0;
Operation=SelectController;
Operator=NamespaceHttpControllerSelector;
Category=System.Web.Http.Controllers
Request=Method: POST, RequestUri: 'http://localhost:3811/api/v1/tasks', Version: 1.1, Content: System.Web.Http.WebHost.HttpControllerHandler+LazyStreamContent, Headers:
{
  Host: localhost:3811
  User-Agent: Fiddler
  Content-Length: 37
  Content-Type: text/json
}
Message=Route='MS_SubRoutes:System.Web.Http.Routing.IHttpRouteData[]'
2014-12-28 15:22:12,596 INFO  [10] WebApi2Book.Web.Common.SimpleTraceWriter - RequestId=00000000-0000-0000-1300-0080020000fd;
Kind=End;
Status=0;
Operation=SelectController;
Operator=NamespaceHttpControllerSelector;
Category=System.Web.Http.Controllers
Request=Method: POST, RequestUri: 'http://localhost:3811/api/v1/tasks', Version: 1.1, Content: System.Web.Http.WebHost.HttpControllerHandler+LazyStreamContent, Headers:
{
  Host: localhost:3811
  User-Agent: Fiddler
  Content-Length: 37
  Content-Type: text/json
}
Message=TasksController
2014-12-28 15:22:12,597 INFO  [10] WebApi2Book.Web.Common.SimpleTraceWriter - RequestId=00000000-0000-0000-1300-0080020000fd;
Kind=Begin;
Status=0;
Operation=CreateController;
Operator=HttpControllerDescriptor;
Category=System.Web.Http.Controllers
Request=Method: POST, RequestUri: 'http://localhost:3811/api/v1/tasks', Version: 1.1, Content: System.Web.Http.WebHost.HttpControllerHandler+LazyStreamContent, Headers:
{
  Host: localhost:3811
  User-Agent: Fiddler
  Content-Length: 37
  Content-Type: text/json
}
Message=
2014-12-28 15:22:12,598 INFO  [10] WebApi2Book.Web.Common.SimpleTraceWriter - RequestId=00000000-0000-0000-1300-0080020000fd;
Kind=Begin;
Status=0;
Operation=Create;
Operator=DefaultHttpControllerActivator;
Category=System.Web.Http.Controllers
Request=Method: POST, RequestUri: 'http://localhost:3811/api/v1/tasks', Version: 1.1, Content: System.Web.Http.WebHost.HttpControllerHandler+LazyStreamContent, Headers:
{
  Host: localhost:3811
  User-Agent: Fiddler
  Content-Length: 37
  Content-Type: text/json
}
Message=
2014-12-28 15:22:12,626 INFO  [10] WebApi2Book.Web.Common.SimpleTraceWriter - RequestId=00000000-0000-0000-1300-0080020000fd;
Kind=End;
Status=0;
Operation=Create;
Operator=DefaultHttpControllerActivator;
Category=System.Web.Http.Controllers
Request=Method: POST, RequestUri: 'http://localhost:3811/api/v1/tasks', Version: 1.1, Content: System.Web.Http.WebHost.HttpControllerHandler+LazyStreamContent, Headers:
{
  Host: localhost:3811
  User-Agent: Fiddler
  Content-Length: 37
  Content-Type: text/json
}
Message=WebApi2Book.Web.Api.Controllers.V1.TasksController
2014-12-28 15:22:12,627 INFO  [10] WebApi2Book.Web.Common.SimpleTraceWriter - RequestId=00000000-0000-0000-1300-0080020000fd;
Kind=End;
Status=0;
Operation=CreateController;
Operator=HttpControllerDescriptor;
Category=System.Web.Http.Controllers
Request=Method: POST, RequestUri: 'http://localhost:3811/api/v1/tasks', Version: 1.1, Content: System.Web.Http.WebHost.HttpControllerHandler+LazyStreamContent, Headers:
{
  Host: localhost:3811
  User-Agent: Fiddler
  Content-Length: 37
  Content-Type: text/json
}
Message=WebApi2Book.Web.Api.Controllers.V1.TasksController
2014-12-28 15:22:12,628 INFO  [10] WebApi2Book.Web.Common.SimpleTraceWriter - RequestId=00000000-0000-0000-1300-0080020000fd;
Kind=Begin;
Status=0;
Operation=ExecuteAsync;
Operator=TasksController;
Category=System.Web.Http.Controllers
Request=Method: POST, RequestUri: 'http://localhost:3811/api/v1/tasks', Version: 1.1, Content: System.Web.Http.WebHost.HttpControllerHandler+LazyStreamContent, Headers:
{
  Host: localhost:3811
  User-Agent: Fiddler
  Content-Length: 37
  Content-Type: text/json
}
Message=
2014-12-28 15:22:12,632 INFO  [10] WebApi2Book.Web.Common.SimpleTraceWriter - RequestId=00000000-0000-0000-1300-0080020000fd;
Kind=Begin;
Status=0;
Operation=SelectAction;
Operator=ApiControllerActionSelector;
Category=System.Web.Http.Action
Request=Method: POST, RequestUri: 'http://localhost:3811/api/v1/tasks', Version: 1.1, Content: System.Web.Http.WebHost.HttpControllerHandler+LazyStreamContent, Headers:
{
  Host: localhost:3811
  User-Agent: Fiddler
  Content-Length: 37
  Content-Type: text/json
}
Message=
2014-12-28 15:22:12,644 INFO  [10] WebApi2Book.Web.Common.SimpleTraceWriter - RequestId=00000000-0000-0000-1300-0080020000fd;
Kind=End;
Status=0;
Operation=SelectAction;
Operator=ApiControllerActionSelector;
Category=System.Web.Http.Action
Request=Method: POST, RequestUri: 'http://localhost:3811/api/v1/tasks', Version: 1.1, Content: System.Web.Http.WebHost.HttpControllerHandler+LazyStreamContent, Headers:
{
  Host: localhost:3811
  User-Agent: Fiddler
  Content-Length: 37
  Content-Type: text/json
}
Message=Selected action 'AddTask(HttpRequestMessage requestMessage, NewTask newTask)'
2014-12-28 15:22:12,659 INFO  [10] WebApi2Book.Web.Common.SimpleTraceWriter - RequestId=00000000-0000-0000-1300-0080020000fd;
Kind=Begin;
Status=0;
Operation=ExecuteBindingAsync;
Operator=HttpActionBinding;
Category=System.Web.Http.ModelBinding
Request=Method: POST, RequestUri: 'http://localhost:3811/api/v1/tasks', Version: 1.1, Content: System.Web.Http.WebHost.HttpControllerHandler+LazyStreamContent, Headers:
{
  Host: localhost:3811
  User-Agent: Fiddler
  Content-Length: 37
  Content-Type: text/json
}
Message=
2014-12-28 15:22:12,663 INFO  [10] WebApi2Book.Web.Common.SimpleTraceWriter - RequestId=00000000-0000-0000-1300-0080020000fd;
Kind=Begin;
Status=0;
Operation=ExecuteBindingAsync;
Operator=HttpRequestParameterBinding;
Category=System.Web.Http.ModelBinding
Request=Method: POST, RequestUri: 'http://localhost:3811/api/v1/tasks', Version: 1.1, Content: System.Web.Http.WebHost.HttpControllerHandler+LazyStreamContent, Headers:
{
  Host: localhost:3811
  User-Agent: Fiddler
  Content-Length: 37
  Content-Type: text/json
}
Message=Binding parameter 'requestMessage'
2014-12-28 15:22:12,668 INFO  [10] WebApi2Book.Web.Common.SimpleTraceWriter - RequestId=00000000-0000-0000-1300-0080020000fd;
Kind=End;
Status=0;
Operation=ExecuteBindingAsync;
Operator=HttpRequestParameterBinding;
Category=System.Web.Http.ModelBinding
Request=Method: POST, RequestUri: 'http://localhost:3811/api/v1/tasks', Version: 1.1, Content: System.Web.Http.WebHost.HttpControllerHandler+LazyStreamContent, Headers:
{
  Host: localhost:3811
  User-Agent: Fiddler
  Content-Length: 37
  Content-Type: text/json
}
Message=Parameter 'requestMessage' bound to the value 'Method: POST, RequestUri: 'http://localhost:3811/api/v1/tasks', Version: 1.1, Content: System.Web.Http.WebHost.HttpControllerHandler+LazyStreamContent, Headers:
{
  Host: localhost:3811
  User-Agent: Fiddler
  Content-Length: 37
  Content-Type: text/json
}'
2014-12-28 15:22:12,669 INFO  [10] WebApi2Book.Web.Common.SimpleTraceWriter - RequestId=00000000-0000-0000-1300-0080020000fd;
Kind=Begin;
Status=0;
Operation=ExecuteBindingAsync;
Operator=FormatterParameterBinding;
Category=System.Web.Http.ModelBinding
Request=Method: POST, RequestUri: 'http://localhost:3811/api/v1/tasks', Version: 1.1, Content: System.Web.Http.WebHost.HttpControllerHandler+LazyStreamContent, Headers:
{
  Host: localhost:3811
  User-Agent: Fiddler
  Content-Length: 37
  Content-Type: text/json
}
Message=Binding parameter 'newTask'
2014-12-28 15:22:12,683 INFO  [10] WebApi2Book.Web.Common.SimpleTraceWriter - RequestId=00000000-0000-0000-0000-000000000000;
Kind=Begin;
Status=0;
Operation=ReadFromStreamAsync;
Operator=JsonMediaTypeFormatter;
Category=System.Net.Http.Formatting
Request=
Message=Type='NewTask', content-type='text/json'
2014-12-28 15:22:12,811 INFO  [10] WebApi2Book.Web.Common.SimpleTraceWriter - RequestId=00000000-0000-0000-0000-000000000000;
Kind=End;
Status=0;
Operation=ReadFromStreamAsync;
Operator=JsonMediaTypeFormatter;
Category=System.Net.Http.Formatting
Request=
Message=Value read='WebApi2Book.Web.Api.Models.NewTask'
2014-12-28 15:22:12,827 INFO  [10] WebApi2Book.Web.Common.SimpleTraceWriter - RequestId=00000000-0000-0000-1300-0080020000fd;
Kind=End;
Status=0;
Operation=ExecuteBindingAsync;
Operator=FormatterParameterBinding;
Category=System.Web.Http.ModelBinding
Request=Method: POST, RequestUri: 'http://localhost:3811/api/v1/tasks', Version: 1.1, Content: System.Web.Http.WebHost.HttpControllerHandler+LazyStreamContent, Headers:
{
  Host: localhost:3811
  User-Agent: Fiddler
  Content-Length: 37
  Content-Type: text/json
}
Message=Parameter 'newTask' bound to the value 'WebApi2Book.Web.Api.Models.NewTask'
2014-12-28 15:22:12,829 INFO  [10] WebApi2Book.Web.Common.SimpleTraceWriter - RequestId=00000000-0000-0000-1300-0080020000fd;
Kind=End;
Status=0;
Operation=ExecuteBindingAsync;
Operator=HttpActionBinding;
Category=System.Web.Http.ModelBinding
Request=Method: POST, RequestUri: 'http://localhost:3811/api/v1/tasks', Version: 1.1, Content: System.Web.Http.WebHost.HttpControllerHandler+LazyStreamContent, Headers:
{
  Host: localhost:3811
  User-Agent: Fiddler
  Content-Length: 37
  Content-Type: text/json
}
Message=Model state is valid. Values: requestMessage=Method: POST, RequestUri: 'http://localhost:3811/api/v1/tasks', Version: 1.1, Content: System.Web.Http.WebHost.HttpControllerHandler+LazyStreamContent, Headers:
{
  Host: localhost:3811
  User-Agent: Fiddler
  Content-Length: 37
  Content-Type: text/json
}, newTask=WebApi2Book.Web.Api.Models.NewTask
2014-12-28 15:22:12,833 INFO  [10] WebApi2Book.Web.Common.SimpleTraceWriter - RequestId=00000000-0000-0000-1300-0080020000fd;
Kind=Begin;
Status=0;
Operation=OnActionExecutingAsync;
Operator=UnitOfWorkActionFilterAttribute;
Category=System.Web.Http.Filters
Request=Method: POST, RequestUri: 'http://localhost:3811/api/v1/tasks', Version: 1.1, Content: System.Web.Http.WebHost.HttpControllerHandler+LazyStreamContent, Headers:
{
  Host: localhost:3811
  User-Agent: Fiddler
  Content-Length: 37
  Content-Type: text/json
}
Message=Action filter for 'AddTask(HttpRequestMessage requestMessage, NewTask newTask)'
2014-12-28 15:22:12,838 INFO  [10] WebApi2Book.Web.Common.SimpleTraceWriter - RequestId=00000000-0000-0000-1300-0080020000fd;
Kind=End;
Status=0;
Operation=OnActionExecutingAsync;
Operator=UnitOfWorkActionFilterAttribute;
Category=System.Web.Http.Filters
Request=Method: POST, RequestUri: 'http://localhost:3811/api/v1/tasks', Version: 1.1, Content: System.Web.Http.WebHost.HttpControllerHandler+LazyStreamContent, Headers:
{
  Host: localhost:3811
  User-Agent: Fiddler
  Content-Length: 37
  Content-Type: text/json
}
Message=
2014-12-28 15:22:12,841 INFO  [10] WebApi2Book.Web.Common.SimpleTraceWriter - RequestId=00000000-0000-0000-1300-0080020000fd;
Kind=Begin;
Status=0;
Operation=InvokeActionAsync;
Operator=ApiControllerActionInvoker;
Category=System.Web.Http.Action
Request=Method: POST, RequestUri: 'http://localhost:3811/api/v1/tasks', Version: 1.1, Content: System.Web.Http.WebHost.HttpControllerHandler+LazyStreamContent, Headers:
{
  Host: localhost:3811
  User-Agent: Fiddler
  Content-Length: 37
  Content-Type: text/json
}
Message=Action='AddTask(requestMessage=Method: POST, RequestUri: 'http://localhost:3811/api/v1/tasks', Version: 1.1, Content: System.Web.Http.WebHost.HttpControllerHandler+LazyStreamContent, Headers:
{
  Host: localhost:3811
  User-Agent: Fiddler
  Content-Length: 37
  Content-Type: text/json
}, newTask=WebApi2Book.Web.Api.Models.NewTask)'
2014-12-28 15:22:12,844 INFO  [10] WebApi2Book.Web.Common.SimpleTraceWriter - RequestId=00000000-0000-0000-1300-0080020000fd;
Kind=Begin;
Status=0;
Operation=ExecuteAsync;
Operator=ReflectedHttpActionDescriptor;
Category=System.Web.Http.Action
Request=Method: POST, RequestUri: 'http://localhost:3811/api/v1/tasks', Version: 1.1, Content: System.Web.Http.WebHost.HttpControllerHandler+LazyStreamContent, Headers:
{
  Host: localhost:3811
  User-Agent: Fiddler
  Content-Length: 37
  Content-Type: text/json
}
Message=Invoking action 'AddTask(requestMessage=Method: POST, RequestUri: 'http://localhost:3811/api/v1/tasks', Version: 1.1, Content: System.Web.Http.WebHost.HttpControllerHandler+LazyStreamContent, Headers:
{
  Host: localhost:3811
  User-Agent: Fiddler
  Content-Length: 37
  Content-Type: text/json
}, newTask=WebApi2Book.Web.Api.Models.NewTask)'
2014-12-28 15:22:13,196 INFO  [10] WebApi2Book.Web.Common.SimpleTraceWriter - RequestId=00000000-0000-0000-1300-0080020000fd;
Kind=End;
Status=0;
Operation=ExecuteAsync;
Operator=ReflectedHttpActionDescriptor;
Category=System.Web.Http.Action
Request=Method: POST, RequestUri: 'http://localhost:3811/api/v1/tasks', Version: 1.1, Content: System.Web.Http.WebHost.HttpControllerHandler+LazyStreamContent, Headers:
{
  Host: localhost:3811
  User-Agent: Fiddler
  Content-Length: 37
  Content-Type: text/json
}
Message=Action returned 'WebApi2Book.Web.Api.Models.Task'
2014-12-28 15:22:13,200 INFO  [10] WebApi2Book.Web.Common.SimpleTraceWriter - RequestId=00000000-0000-0000-1300-0080020000fd;
Kind=Begin;
Status=0;
Operation=Negotiate;
Operator=DefaultContentNegotiator;
Category=System.Net.Http.Formatting
Request=Method: POST, RequestUri: 'http://localhost:3811/api/v1/tasks', Version: 1.1, Content: System.Web.Http.WebHost.HttpControllerHandler+LazyStreamContent, Headers:
{
  Host: localhost:3811
  User-Agent: Fiddler
  Content-Length: 37
  Content-Type: text/json
}
Message=Type='Task', formatters=[JsonMediaTypeFormatterTracer, XmlMediaTypeFormatterTracer, FormUrlEncodedMediaTypeFormatterTracer, FormUrlEncodedMediaTypeFormatterTracer]
2014-12-28 15:22:13,214 INFO  [10] WebApi2Book.Web.Common.SimpleTraceWriter - RequestId=00000000-0000-0000-1300-0080020000fd;
Kind=Begin;
Status=0;
Operation=GetPerRequestFormatterInstance;
Operator=JsonMediaTypeFormatter;
Category=System.Net.Http.Formatting
Request=Method: POST, RequestUri: 'http://localhost:3811/api/v1/tasks', Version: 1.1, Content: System.Web.Http.WebHost.HttpControllerHandler+LazyStreamContent, Headers:
{
  Host: localhost:3811
  User-Agent: Fiddler
  Content-Length: 37
  Content-Type: text/json
}
Message=Obtaining formatter of type 'JsonMediaTypeFormatter' for type='Task', mediaType='text/json; charset=utf-8'
2014-12-28 15:22:13,215 INFO  [10] WebApi2Book.Web.Common.SimpleTraceWriter - RequestId=00000000-0000-0000-1300-0080020000fd;
Kind=End;
Status=0;
Operation=GetPerRequestFormatterInstance;
Operator=JsonMediaTypeFormatter;
Category=System.Net.Http.Formatting
Request=Method: POST, RequestUri: 'http://localhost:3811/api/v1/tasks', Version: 1.1, Content: System.Web.Http.WebHost.HttpControllerHandler+LazyStreamContent, Headers:
{
  Host: localhost:3811
  User-Agent: Fiddler
  Content-Length: 37
  Content-Type: text/json
}
Message=Will use same 'JsonMediaTypeFormatter' formatter
2014-12-28 15:22:13,217 INFO  [10] WebApi2Book.Web.Common.SimpleTraceWriter - RequestId=00000000-0000-0000-1300-0080020000fd;
Kind=End;
Status=0;
Operation=Negotiate;
Operator=DefaultContentNegotiator;
Category=System.Net.Http.Formatting
Request=Method: POST, RequestUri: 'http://localhost:3811/api/v1/tasks', Version: 1.1, Content: System.Web.Http.WebHost.HttpControllerHandler+LazyStreamContent, Headers:
{
  Host: localhost:3811
  User-Agent: Fiddler
  Content-Length: 37
  Content-Type: text/json
}
Message=Selected formatter='JsonMediaTypeFormatter', content-type='text/json; charset=utf-8'
2014-12-28 15:22:13,220 INFO  [10] WebApi2Book.Web.Common.SimpleTraceWriter - RequestId=00000000-0000-0000-1300-0080020000fd;
Kind=End;
Status=OK;
Operation=InvokeActionAsync;
Operator=ApiControllerActionInvoker;
Category=System.Web.Http.Action
Request=Method: POST, RequestUri: 'http://localhost:3811/api/v1/tasks', Version: 1.1, Content: System.Web.Http.WebHost.HttpControllerHandler+LazyStreamContent, Headers:
{
  Host: localhost:3811
  User-Agent: Fiddler
  Content-Length: 37
  Content-Type: text/json
}
Message=
2014-12-28 15:22:13,222 INFO  [10] WebApi2Book.Web.Common.SimpleTraceWriter - RequestId=00000000-0000-0000-1300-0080020000fd;
Kind=Begin;
Status=OK;
Operation=OnActionExecutedAsync;
Operator=UnitOfWorkActionFilterAttribute;
Category=System.Web.Http.Filters
Request=Method: POST, RequestUri: 'http://localhost:3811/api/v1/tasks', Version: 1.1, Content: System.Web.Http.WebHost.HttpControllerHandler+LazyStreamContent, Headers:
{
  Host: localhost:3811
  User-Agent: Fiddler
  Content-Length: 37
  Content-Type: text/json
}
Message=Action filter for 'AddTask(HttpRequestMessage requestMessage, NewTask newTask)'
2014-12-28 15:22:13,266 INFO  [10] WebApi2Book.Web.Common.SimpleTraceWriter - RequestId=00000000-0000-0000-1300-0080020000fd;
Kind=End;
Status=OK;
Operation=OnActionExecutedAsync;
Operator=UnitOfWorkActionFilterAttribute;
Category=System.Web.Http.Filters
Request=Method: POST, RequestUri: 'http://localhost:3811/api/v1/tasks', Version: 1.1, Content: System.Web.Http.WebHost.HttpControllerHandler+LazyStreamContent, Headers:
{
  Host: localhost:3811
  User-Agent: Fiddler
  Content-Length: 37
  Content-Type: text/json
}
Message=
2014-12-28 15:22:13,267 INFO  [10] WebApi2Book.Web.Common.SimpleTraceWriter - RequestId=00000000-0000-0000-1300-0080020000fd;
Kind=End;
Status=OK;
Operation=ExecuteAsync;
Operator=TasksController;
Category=System.Web.Http.Controllers
Request=Method: POST, RequestUri: 'http://localhost:3811/api/v1/tasks', Version: 1.1, Content: System.Web.Http.WebHost.HttpControllerHandler+LazyStreamContent, Headers:
{
  Host: localhost:3811
  User-Agent: Fiddler
  Content-Length: 37
  Content-Type: text/json
}
Message=
2014-12-28 15:22:13,268 INFO  [10] WebApi2Book.Web.Common.SimpleTraceWriter - RequestId=00000000-0000-0000-1300-0080020000fd;
Kind=End;
Status=OK;
Operation=;
Operator=;
Category=System.Web.Http.Request
Request=Method: POST, RequestUri: 'http://localhost:3811/api/v1/tasks', Version: 1.1, Content: System.Web.Http.WebHost.HttpControllerHandler+LazyStreamContent, Headers:
{
  Host: localhost:3811
  User-Agent: Fiddler
  Content-Length: 37
  Content-Type: text/json
}
Message=Content-type='text/json; charset=utf-8', content-length=unknown
2014-12-28 15:22:13,278 INFO  [10] WebApi2Book.Web.Common.SimpleTraceWriter - RequestId=00000000-0000-0000-1300-0080020000fd;
Kind=Begin;
Status=0;
Operation=WriteToStreamAsync;
Operator=JsonMediaTypeFormatter;
Category=System.Net.Http.Formatting
Request=Method: POST, RequestUri: 'http://localhost:3811/api/v1/tasks', Version: 1.1, Content: System.Web.Http.WebHost.HttpControllerHandler+LazyStreamContent, Headers:
{
  Host: localhost:3811
  User-Agent: Fiddler
  Content-Length: 37
  Content-Type: text/json
}
Message=Value='WebApi2Book.Web.Api.Models.Task', type='Task', content-type='text/json; charset=utf-8'
2014-12-28 15:22:13,329 INFO  [10] WebApi2Book.Web.Common.SimpleTraceWriter - RequestId=00000000-0000-0000-1300-0080020000fd;
Kind=End;
Status=0;
Operation=WriteToStreamAsync;
Operator=JsonMediaTypeFormatter;
Category=System.Net.Http.Formatting
Request=Method: POST, RequestUri: 'http://localhost:3811/api/v1/tasks', Version: 1.1, Content: System.Web.Http.WebHost.HttpControllerHandler+LazyStreamContent, Headers:
{
  Host: localhost:3811
  User-Agent: Fiddler
  Content-Length: 37
  Content-Type: text/json
}
Message=
2014-12-28 15:22:13,330 INFO  [10] WebApi2Book.Web.Common.SimpleTraceWriter - RequestId=00000000-0000-0000-1300-0080020000fd;
Kind=Begin;
Status=0;
Operation=Dispose;
Operator=TasksController;
Category=System.Web.Http.Controllers
Request=Method: POST, RequestUri: 'http://localhost:3811/api/v1/tasks', Version: 1.1, Content: System.Web.Http.WebHost.HttpControllerHandler+LazyStreamContent, Headers:
{
  Host: localhost:3811
  User-Agent: Fiddler
  Content-Length: 37
  Content-Type: text/json
}
Message=
2014-12-28 15:22:13,331 INFO  [10] WebApi2Book.Web.Common.SimpleTraceWriter - RequestId=00000000-0000-0000-1300-0080020000fd;
Kind=End;
Status=0;
Operation=Dispose;
Operator=TasksController;
Category=System.Web.Http.Controllers
Request=Method: POST, RequestUri: 'http://localhost:3811/api/v1/tasks', Version: 1.1, Content: System.Web.Http.WebHost.HttpControllerHandler+LazyStreamContent, Headers:
{
  Host: localhost:3811
  User-Agent: Fiddler
  Content-Length: 37
  Content-Type: text/json
}
Message=
2014-12-28 15:22:35,195 INFO  [11] WebApi2Book.Web.Common.SimpleTraceWriter - RequestId=00000000-0000-0000-1400-0080020000fd;
Kind=Begin;
Status=0;
Operation=;
Operator=;
Category=System.Web.Http.Request
Request=Method: POST, RequestUri: 'http://localhost:3811/api/v1/tasks', Version: 1.1, Content: System.Web.Http.WebHost.HttpControllerHandler+LazyStreamContent, Headers:
{
  Host: localhost:3811
  User-Agent: Fiddler
  Content-Length: 37
  Content-Type: text/json
}
Message=http://localhost:3811/api/v1/tasks
2014-12-28 15:22:35,196 INFO  [11] WebApi2Book.Web.Common.SimpleTraceWriter - RequestId=00000000-0000-0000-1400-0080020000fd;
Kind=Begin;
Status=0;
Operation=SelectController;
Operator=NamespaceHttpControllerSelector;
Category=System.Web.Http.Controllers
Request=Method: POST, RequestUri: 'http://localhost:3811/api/v1/tasks', Version: 1.1, Content: System.Web.Http.WebHost.HttpControllerHandler+LazyStreamContent, Headers:
{
  Host: localhost:3811
  User-Agent: Fiddler
  Content-Length: 37
  Content-Type: text/json
}
Message=Route='MS_SubRoutes:System.Web.Http.Routing.IHttpRouteData[]'
2014-12-28 15:22:35,196 INFO  [11] WebApi2Book.Web.Common.SimpleTraceWriter - RequestId=00000000-0000-0000-1400-0080020000fd;
Kind=End;
Status=0;
Operation=SelectController;
Operator=NamespaceHttpControllerSelector;
Category=System.Web.Http.Controllers
Request=Method: POST, RequestUri: 'http://localhost:3811/api/v1/tasks', Version: 1.1, Content: System.Web.Http.WebHost.HttpControllerHandler+LazyStreamContent, Headers:
{
  Host: localhost:3811
  User-Agent: Fiddler
  Content-Length: 37
  Content-Type: text/json
}
Message=TasksController
2014-12-28 15:22:35,197 INFO  [11] WebApi2Book.Web.Common.SimpleTraceWriter - RequestId=00000000-0000-0000-1400-0080020000fd;
Kind=Begin;
Status=0;
Operation=CreateController;
Operator=HttpControllerDescriptor;
Category=System.Web.Http.Controllers
Request=Method: POST, RequestUri: 'http://localhost:3811/api/v1/tasks', Version: 1.1, Content: System.Web.Http.WebHost.HttpControllerHandler+LazyStreamContent, Headers:
{
  Host: localhost:3811
  User-Agent: Fiddler
  Content-Length: 37
  Content-Type: text/json
}
Message=
2014-12-28 15:22:35,197 INFO  [11] WebApi2Book.Web.Common.SimpleTraceWriter - RequestId=00000000-0000-0000-1400-0080020000fd;
Kind=Begin;
Status=0;
Operation=Create;
Operator=DefaultHttpControllerActivator;
Category=System.Web.Http.Controllers
Request=Method: POST, RequestUri: 'http://localhost:3811/api/v1/tasks', Version: 1.1, Content: System.Web.Http.WebHost.HttpControllerHandler+LazyStreamContent, Headers:
{
  Host: localhost:3811
  User-Agent: Fiddler
  Content-Length: 37
  Content-Type: text/json
}
Message=
2014-12-28 15:22:35,198 INFO  [11] WebApi2Book.Web.Common.SimpleTraceWriter - RequestId=00000000-0000-0000-1400-0080020000fd;
Kind=End;
Status=0;
Operation=Create;
Operator=DefaultHttpControllerActivator;
Category=System.Web.Http.Controllers
Request=Method: POST, RequestUri: 'http://localhost:3811/api/v1/tasks', Version: 1.1, Content: System.Web.Http.WebHost.HttpControllerHandler+LazyStreamContent, Headers:
{
  Host: localhost:3811
  User-Agent: Fiddler
  Content-Length: 37
  Content-Type: text/json
}
Message=WebApi2Book.Web.Api.Controllers.V1.TasksController
2014-12-28 15:22:35,199 INFO  [11] WebApi2Book.Web.Common.SimpleTraceWriter - RequestId=00000000-0000-0000-1400-0080020000fd;
Kind=End;
Status=0;
Operation=CreateController;
Operator=HttpControllerDescriptor;
Category=System.Web.Http.Controllers
Request=Method: POST, RequestUri: 'http://localhost:3811/api/v1/tasks', Version: 1.1, Content: System.Web.Http.WebHost.HttpControllerHandler+LazyStreamContent, Headers:
{
  Host: localhost:3811
  User-Agent: Fiddler
  Content-Length: 37
  Content-Type: text/json
}
Message=WebApi2Book.Web.Api.Controllers.V1.TasksController
2014-12-28 15:22:35,199 INFO  [11] WebApi2Book.Web.Common.SimpleTraceWriter - RequestId=00000000-0000-0000-1400-0080020000fd;
Kind=Begin;
Status=0;
Operation=ExecuteAsync;
Operator=TasksController;
Category=System.Web.Http.Controllers
Request=Method: POST, RequestUri: 'http://localhost:3811/api/v1/tasks', Version: 1.1, Content: System.Web.Http.WebHost.HttpControllerHandler+LazyStreamContent, Headers:
{
  Host: localhost:3811
  User-Agent: Fiddler
  Content-Length: 37
  Content-Type: text/json
}
Message=
2014-12-28 15:22:35,200 INFO  [11] WebApi2Book.Web.Common.SimpleTraceWriter - RequestId=00000000-0000-0000-1400-0080020000fd;
Kind=Begin;
Status=0;
Operation=SelectAction;
Operator=ApiControllerActionSelector;
Category=System.Web.Http.Action
Request=Method: POST, RequestUri: 'http://localhost:3811/api/v1/tasks', Version: 1.1, Content: System.Web.Http.WebHost.HttpControllerHandler+LazyStreamContent, Headers:
{
  Host: localhost:3811
  User-Agent: Fiddler
  Content-Length: 37
  Content-Type: text/json
}
Message=
2014-12-28 15:22:35,200 INFO  [11] WebApi2Book.Web.Common.SimpleTraceWriter - RequestId=00000000-0000-0000-1400-0080020000fd;
Kind=End;
Status=0;
Operation=SelectAction;
Operator=ApiControllerActionSelector;
Category=System.Web.Http.Action
Request=Method: POST, RequestUri: 'http://localhost:3811/api/v1/tasks', Version: 1.1, Content: System.Web.Http.WebHost.HttpControllerHandler+LazyStreamContent, Headers:
{
  Host: localhost:3811
  User-Agent: Fiddler
  Content-Length: 37
  Content-Type: text/json
}
Message=Selected action 'AddTask(HttpRequestMessage requestMessage, NewTask newTask)'
2014-12-28 15:22:35,201 INFO  [11] WebApi2Book.Web.Common.SimpleTraceWriter - RequestId=00000000-0000-0000-1400-0080020000fd;
Kind=Begin;
Status=0;
Operation=ExecuteBindingAsync;
Operator=HttpActionBinding;
Category=System.Web.Http.ModelBinding
Request=Method: POST, RequestUri: 'http://localhost:3811/api/v1/tasks', Version: 1.1, Content: System.Web.Http.WebHost.HttpControllerHandler+LazyStreamContent, Headers:
{
  Host: localhost:3811
  User-Agent: Fiddler
  Content-Length: 37
  Content-Type: text/json
}
Message=
2014-12-28 15:22:35,201 INFO  [11] WebApi2Book.Web.Common.SimpleTraceWriter - RequestId=00000000-0000-0000-1400-0080020000fd;
Kind=Begin;
Status=0;
Operation=ExecuteBindingAsync;
Operator=HttpRequestParameterBinding;
Category=System.Web.Http.ModelBinding
Request=Method: POST, RequestUri: 'http://localhost:3811/api/v1/tasks', Version: 1.1, Content: System.Web.Http.WebHost.HttpControllerHandler+LazyStreamContent, Headers:
{
  Host: localhost:3811
  User-Agent: Fiddler
  Content-Length: 37
  Content-Type: text/json
}
Message=Binding parameter 'requestMessage'
2014-12-28 15:22:35,202 INFO  [11] WebApi2Book.Web.Common.SimpleTraceWriter - RequestId=00000000-0000-0000-1400-0080020000fd;
Kind=End;
Status=0;
Operation=ExecuteBindingAsync;
Operator=HttpRequestParameterBinding;
Category=System.Web.Http.ModelBinding
Request=Method: POST, RequestUri: 'http://localhost:3811/api/v1/tasks', Version: 1.1, Content: System.Web.Http.WebHost.HttpControllerHandler+LazyStreamContent, Headers:
{
  Host: localhost:3811
  User-Agent: Fiddler
  Content-Length: 37
  Content-Type: text/json
}
Message=Parameter 'requestMessage' bound to the value 'Method: POST, RequestUri: 'http://localhost:3811/api/v1/tasks', Version: 1.1, Content: System.Web.Http.WebHost.HttpControllerHandler+LazyStreamContent, Headers:
{
  Host: localhost:3811
  User-Agent: Fiddler
  Content-Length: 37
  Content-Type: text/json
}'
2014-12-28 15:22:35,203 INFO  [11] WebApi2Book.Web.Common.SimpleTraceWriter - RequestId=00000000-0000-0000-1400-0080020000fd;
Kind=Begin;
Status=0;
Operation=ExecuteBindingAsync;
Operator=FormatterParameterBinding;
Category=System.Web.Http.ModelBinding
Request=Method: POST, RequestUri: 'http://localhost:3811/api/v1/tasks', Version: 1.1, Content: System.Web.Http.WebHost.HttpControllerHandler+LazyStreamContent, Headers:
{
  Host: localhost:3811
  User-Agent: Fiddler
  Content-Length: 37
  Content-Type: text/json
}
Message=Binding parameter 'newTask'
2014-12-28 15:22:35,203 INFO  [11] WebApi2Book.Web.Common.SimpleTraceWriter - RequestId=00000000-0000-0000-0000-000000000000;
Kind=Begin;
Status=0;
Operation=ReadFromStreamAsync;
Operator=JsonMediaTypeFormatter;
Category=System.Net.Http.Formatting
Request=
Message=Type='NewTask', content-type='text/json'
2014-12-28 15:22:35,204 INFO  [11] WebApi2Book.Web.Common.SimpleTraceWriter - RequestId=00000000-0000-0000-0000-000000000000;
Kind=End;
Status=0;
Operation=ReadFromStreamAsync;
Operator=JsonMediaTypeFormatter;
Category=System.Net.Http.Formatting
Request=
Message=Value read='WebApi2Book.Web.Api.Models.NewTask'
2014-12-28 15:22:35,204 INFO  [11] WebApi2Book.Web.Common.SimpleTraceWriter - RequestId=00000000-0000-0000-1400-0080020000fd;
Kind=End;
Status=0;
Operation=ExecuteBindingAsync;
Operator=FormatterParameterBinding;
Category=System.Web.Http.ModelBinding
Request=Method: POST, RequestUri: 'http://localhost:3811/api/v1/tasks', Version: 1.1, Content: System.Web.Http.WebHost.HttpControllerHandler+LazyStreamContent, Headers:
{
  Host: localhost:3811
  User-Agent: Fiddler
  Content-Length: 37
  Content-Type: text/json
}
Message=Parameter 'newTask' bound to the value 'WebApi2Book.Web.Api.Models.NewTask'
2014-12-28 15:22:35,205 INFO  [11] WebApi2Book.Web.Common.SimpleTraceWriter - RequestId=00000000-0000-0000-1400-0080020000fd;
Kind=End;
Status=0;
Operation=ExecuteBindingAsync;
Operator=HttpActionBinding;
Category=System.Web.Http.ModelBinding
Request=Method: POST, RequestUri: 'http://localhost:3811/api/v1/tasks', Version: 1.1, Content: System.Web.Http.WebHost.HttpControllerHandler+LazyStreamContent, Headers:
{
  Host: localhost:3811
  User-Agent: Fiddler
  Content-Length: 37
  Content-Type: text/json
}
Message=Model state is valid. Values: requestMessage=Method: POST, RequestUri: 'http://localhost:3811/api/v1/tasks', Version: 1.1, Content: System.Web.Http.WebHost.HttpControllerHandler+LazyStreamContent, Headers:
{
  Host: localhost:3811
  User-Agent: Fiddler
  Content-Length: 37
  Content-Type: text/json
}, newTask=WebApi2Book.Web.Api.Models.NewTask
2014-12-28 15:22:35,205 INFO  [11] WebApi2Book.Web.Common.SimpleTraceWriter - RequestId=00000000-0000-0000-1400-0080020000fd;
Kind=Begin;
Status=0;
Operation=OnActionExecutingAsync;
Operator=UnitOfWorkActionFilterAttribute;
Category=System.Web.Http.Filters
Request=Method: POST, RequestUri: 'http://localhost:3811/api/v1/tasks', Version: 1.1, Content: System.Web.Http.WebHost.HttpControllerHandler+LazyStreamContent, Headers:
{
  Host: localhost:3811
  User-Agent: Fiddler
  Content-Length: 37
  Content-Type: text/json
}
Message=Action filter for 'AddTask(HttpRequestMessage requestMessage, NewTask newTask)'
2014-12-28 15:22:35,206 INFO  [11] WebApi2Book.Web.Common.SimpleTraceWriter - RequestId=00000000-0000-0000-1400-0080020000fd;
Kind=End;
Status=0;
Operation=OnActionExecutingAsync;
Operator=UnitOfWorkActionFilterAttribute;
Category=System.Web.Http.Filters
Request=Method: POST, RequestUri: 'http://localhost:3811/api/v1/tasks', Version: 1.1, Content: System.Web.Http.WebHost.HttpControllerHandler+LazyStreamContent, Headers:
{
  Host: localhost:3811
  User-Agent: Fiddler
  Content-Length: 37
  Content-Type: text/json
}
Message=
2014-12-28 15:22:35,207 INFO  [11] WebApi2Book.Web.Common.SimpleTraceWriter - RequestId=00000000-0000-0000-1400-0080020000fd;
Kind=Begin;
Status=0;
Operation=InvokeActionAsync;
Operator=ApiControllerActionInvoker;
Category=System.Web.Http.Action
Request=Method: POST, RequestUri: 'http://localhost:3811/api/v1/tasks', Version: 1.1, Content: System.Web.Http.WebHost.HttpControllerHandler+LazyStreamContent, Headers:
{
  Host: localhost:3811
  User-Agent: Fiddler
  Content-Length: 37
  Content-Type: text/json
}
Message=Action='AddTask(requestMessage=Method: POST, RequestUri: 'http://localhost:3811/api/v1/tasks', Version: 1.1, Content: System.Web.Http.WebHost.HttpControllerHandler+LazyStreamContent, Headers:
{
  Host: localhost:3811
  User-Agent: Fiddler
  Content-Length: 37
  Content-Type: text/json
}, newTask=WebApi2Book.Web.Api.Models.NewTask)'
2014-12-28 15:22:35,208 INFO  [11] WebApi2Book.Web.Common.SimpleTraceWriter - RequestId=00000000-0000-0000-1400-0080020000fd;
Kind=Begin;
Status=0;
Operation=ExecuteAsync;
Operator=ReflectedHttpActionDescriptor;
Category=System.Web.Http.Action
Request=Method: POST, RequestUri: 'http://localhost:3811/api/v1/tasks', Version: 1.1, Content: System.Web.Http.WebHost.HttpControllerHandler+LazyStreamContent, Headers:
{
  Host: localhost:3811
  User-Agent: Fiddler
  Content-Length: 37
  Content-Type: text/json
}
Message=Invoking action 'AddTask(requestMessage=Method: POST, RequestUri: 'http://localhost:3811/api/v1/tasks', Version: 1.1, Content: System.Web.Http.WebHost.HttpControllerHandler+LazyStreamContent, Headers:
{
  Host: localhost:3811
  User-Agent: Fiddler
  Content-Length: 37
  Content-Type: text/json
}, newTask=WebApi2Book.Web.Api.Models.NewTask)'
2014-12-28 15:22:35,301 INFO  [11] WebApi2Book.Web.Common.SimpleTraceWriter - RequestId=00000000-0000-0000-1400-0080020000fd;
Kind=End;
Status=0;
Operation=ExecuteAsync;
Operator=ReflectedHttpActionDescriptor;
Category=System.Web.Http.Action
Request=Method: POST, RequestUri: 'http://localhost:3811/api/v1/tasks', Version: 1.1, Content: System.Web.Http.WebHost.HttpControllerHandler+LazyStreamContent, Headers:
{
  Host: localhost:3811
  User-Agent: Fiddler
  Content-Length: 37
  Content-Type: text/json
}
Message=Action returned 'WebApi2Book.Web.Api.Models.Task'
2014-12-28 15:22:35,302 INFO  [11] WebApi2Book.Web.Common.SimpleTraceWriter - RequestId=00000000-0000-0000-1400-0080020000fd;
Kind=Begin;
Status=0;
Operation=Negotiate;
Operator=DefaultContentNegotiator;
Category=System.Net.Http.Formatting
Request=Method: POST, RequestUri: 'http://localhost:3811/api/v1/tasks', Version: 1.1, Content: System.Web.Http.WebHost.HttpControllerHandler+LazyStreamContent, Headers:
{
  Host: localhost:3811
  User-Agent: Fiddler
  Content-Length: 37
  Content-Type: text/json
}
Message=Type='Task', formatters=[JsonMediaTypeFormatterTracer, XmlMediaTypeFormatterTracer, FormUrlEncodedMediaTypeFormatterTracer, FormUrlEncodedMediaTypeFormatterTracer]
2014-12-28 15:22:35,303 INFO  [11] WebApi2Book.Web.Common.SimpleTraceWriter - RequestId=00000000-0000-0000-1400-0080020000fd;
Kind=Begin;
Status=0;
Operation=GetPerRequestFormatterInstance;
Operator=JsonMediaTypeFormatter;
Category=System.Net.Http.Formatting
Request=Method: POST, RequestUri: 'http://localhost:3811/api/v1/tasks', Version: 1.1, Content: System.Web.Http.WebHost.HttpControllerHandler+LazyStreamContent, Headers:
{
  Host: localhost:3811
  User-Agent: Fiddler
  Content-Length: 37
  Content-Type: text/json
}
Message=Obtaining formatter of type 'JsonMediaTypeFormatter' for type='Task', mediaType='text/json; charset=utf-8'
2014-12-28 15:22:35,303 INFO  [11] WebApi2Book.Web.Common.SimpleTraceWriter - RequestId=00000000-0000-0000-1400-0080020000fd;
Kind=End;
Status=0;
Operation=GetPerRequestFormatterInstance;
Operator=JsonMediaTypeFormatter;
Category=System.Net.Http.Formatting
Request=Method: POST, RequestUri: 'http://localhost:3811/api/v1/tasks', Version: 1.1, Content: System.Web.Http.WebHost.HttpControllerHandler+LazyStreamContent, Headers:
{
  Host: localhost:3811
  User-Agent: Fiddler
  Content-Length: 37
  Content-Type: text/json
}
Message=Will use same 'JsonMediaTypeFormatter' formatter
2014-12-28 15:22:35,304 INFO  [11] WebApi2Book.Web.Common.SimpleTraceWriter - RequestId=00000000-0000-0000-1400-0080020000fd;
Kind=End;
Status=0;
Operation=Negotiate;
Operator=DefaultContentNegotiator;
Category=System.Net.Http.Formatting
Request=Method: POST, RequestUri: 'http://localhost:3811/api/v1/tasks', Version: 1.1, Content: System.Web.Http.WebHost.HttpControllerHandler+LazyStreamContent, Headers:
{
  Host: localhost:3811
  User-Agent: Fiddler
  Content-Length: 37
  Content-Type: text/json
}
Message=Selected formatter='JsonMediaTypeFormatter', content-type='text/json; charset=utf-8'
2014-12-28 15:22:35,304 INFO  [11] WebApi2Book.Web.Common.SimpleTraceWriter - RequestId=00000000-0000-0000-1400-0080020000fd;
Kind=End;
Status=OK;
Operation=InvokeActionAsync;
Operator=ApiControllerActionInvoker;
Category=System.Web.Http.Action
Request=Method: POST, RequestUri: 'http://localhost:3811/api/v1/tasks', Version: 1.1, Content: System.Web.Http.WebHost.HttpControllerHandler+LazyStreamContent, Headers:
{
  Host: localhost:3811
  User-Agent: Fiddler
  Content-Length: 37
  Content-Type: text/json
}
Message=
2014-12-28 15:22:35,305 INFO  [11] WebApi2Book.Web.Common.SimpleTraceWriter - RequestId=00000000-0000-0000-1400-0080020000fd;
Kind=Begin;
Status=OK;
Operation=OnActionExecutedAsync;
Operator=UnitOfWorkActionFilterAttribute;
Category=System.Web.Http.Filters
Request=Method: POST, RequestUri: 'http://localhost:3811/api/v1/tasks', Version: 1.1, Content: System.Web.Http.WebHost.HttpControllerHandler+LazyStreamContent, Headers:
{
  Host: localhost:3811
  User-Agent: Fiddler
  Content-Length: 37
  Content-Type: text/json
}
Message=Action filter for 'AddTask(HttpRequestMessage requestMessage, NewTask newTask)'
2014-12-28 15:22:35,306 INFO  [11] WebApi2Book.Web.Common.SimpleTraceWriter - RequestId=00000000-0000-0000-1400-0080020000fd;
Kind=End;
Status=OK;
Operation=OnActionExecutedAsync;
Operator=UnitOfWorkActionFilterAttribute;
Category=System.Web.Http.Filters
Request=Method: POST, RequestUri: 'http://localhost:3811/api/v1/tasks', Version: 1.1, Content: System.Web.Http.WebHost.HttpControllerHandler+LazyStreamContent, Headers:
{
  Host: localhost:3811
  User-Agent: Fiddler
  Content-Length: 37
  Content-Type: text/json
}
Message=
2014-12-28 15:22:35,306 INFO  [11] WebApi2Book.Web.Common.SimpleTraceWriter - RequestId=00000000-0000-0000-1400-0080020000fd;
Kind=End;
Status=OK;
Operation=ExecuteAsync;
Operator=TasksController;
Category=System.Web.Http.Controllers
Request=Method: POST, RequestUri: 'http://localhost:3811/api/v1/tasks', Version: 1.1, Content: System.Web.Http.WebHost.HttpControllerHandler+LazyStreamContent, Headers:
{
  Host: localhost:3811
  User-Agent: Fiddler
  Content-Length: 37
  Content-Type: text/json
}
Message=
2014-12-28 15:22:35,307 INFO  [11] WebApi2Book.Web.Common.SimpleTraceWriter - RequestId=00000000-0000-0000-1400-0080020000fd;
Kind=End;
Status=OK;
Operation=;
Operator=;
Category=System.Web.Http.Request
Request=Method: POST, RequestUri: 'http://localhost:3811/api/v1/tasks', Version: 1.1, Content: System.Web.Http.WebHost.HttpControllerHandler+LazyStreamContent, Headers:
{
  Host: localhost:3811
  User-Agent: Fiddler
  Content-Length: 37
  Content-Type: text/json
}
Message=Content-type='text/json; charset=utf-8', content-length=unknown
2014-12-28 15:22:35,307 INFO  [11] WebApi2Book.Web.Common.SimpleTraceWriter - RequestId=00000000-0000-0000-1400-0080020000fd;
Kind=Begin;
Status=0;
Operation=WriteToStreamAsync;
Operator=JsonMediaTypeFormatter;
Category=System.Net.Http.Formatting
Request=Method: POST, RequestUri: 'http://localhost:3811/api/v1/tasks', Version: 1.1, Content: System.Web.Http.WebHost.HttpControllerHandler+LazyStreamContent, Headers:
{
  Host: localhost:3811
  User-Agent: Fiddler
  Content-Length: 37
  Content-Type: text/json
}
Message=Value='WebApi2Book.Web.Api.Models.Task', type='Task', content-type='text/json; charset=utf-8'
2014-12-28 15:22:35,308 INFO  [11] WebApi2Book.Web.Common.SimpleTraceWriter - RequestId=00000000-0000-0000-1400-0080020000fd;
Kind=End;
Status=0;
Operation=WriteToStreamAsync;
Operator=JsonMediaTypeFormatter;
Category=System.Net.Http.Formatting
Request=Method: POST, RequestUri: 'http://localhost:3811/api/v1/tasks', Version: 1.1, Content: System.Web.Http.WebHost.HttpControllerHandler+LazyStreamContent, Headers:
{
  Host: localhost:3811
  User-Agent: Fiddler
  Content-Length: 37
  Content-Type: text/json
}
Message=
2014-12-28 15:22:35,308 INFO  [11] WebApi2Book.Web.Common.SimpleTraceWriter - RequestId=00000000-0000-0000-1400-0080020000fd;
Kind=Begin;
Status=0;
Operation=Dispose;
Operator=TasksController;
Category=System.Web.Http.Controllers
Request=Method: POST, RequestUri: 'http://localhost:3811/api/v1/tasks', Version: 1.1, Content: System.Web.Http.WebHost.HttpControllerHandler+LazyStreamContent, Headers:
{
  Host: localhost:3811
  User-Agent: Fiddler
  Content-Length: 37
  Content-Type: text/json
}
Message=
2014-12-28 15:22:35,309 INFO  [11] WebApi2Book.Web.Common.SimpleTraceWriter - RequestId=00000000-0000-0000-1400-0080020000fd;
Kind=End;
Status=0;
Operation=Dispose;
Operator=TasksController;
Category=System.Web.Http.Controllers
Request=Method: POST, RequestUri: 'http://localhost:3811/api/v1/tasks', Version: 1.1, Content: System.Web.Http.WebHost.HttpControllerHandler+LazyStreamContent, Headers:
{
  Host: localhost:3811
  User-Agent: Fiddler
  Content-Length: 37
  Content-Type: text/json
}
Message=
